[ 2018-03-18T15:30:02+08:00 ] 127.0.0.1 /Admin/Classify/lists
INFO: [ app_init ] --START--
INFO: Run Behavior\BuildLiteBehavior [ RunTime:0.000013s ]
INFO: [ app_init ] --END-- [ RunTime:0.028715s ]
INFO: [ app_begin ] --START--
INFO: Run Behavior\ReadHtmlCacheBehavior [ RunTime:0.022866s ]
INFO: [ app_begin ] --END-- [ RunTime:0.023000s ]
NOTIC: [8] A session had already been started - ignoring session_start() E:\xampp\htdocs\youxin\ThinkPHP\Common\functions.php 第 1263 行.
SQL: SHOW COLUMNS FROM `car_classify_brand` [ RunTime:0.0277s ]
SQL: SELECT * FROM `car_classify_brand` WHERE ( 1 ) ORDER BY id desc LIMIT 0,20   [ RunTime:0.0342s ]
SQL: SELECT * FROM `car_classify_brand` WHERE `id` = 5 LIMIT 1   [ RunTime:0.0004s ]
SQL: SELECT * FROM `car_classify_brand` WHERE `id` = 4 LIMIT 1   [ RunTime:0.0003s ]
SQL: SELECT * FROM `car_classify_brand` WHERE `id` = 3 LIMIT 1   [ RunTime:0.0003s ]
SQL: SELECT * FROM `car_classify_brand` WHERE `id` = 2 LIMIT 1   [ RunTime:0.0003s ]
SQL: SELECT * FROM `car_classify_brand` WHERE `id` = 1 LIMIT 1   [ RunTime:0.0003s ]
INFO: [ view_parse ] --START--
INFO: [ template_filter ] --START--
INFO: Run Behavior\ContentReplaceBehavior [ RunTime:0.006004s ]
INFO: [ template_filter ] --END-- [ RunTime:0.006074s ]
INFO: Run Behavior\ParseTemplateBehavior [ RunTime:0.094644s ]
INFO: [ view_parse ] --END-- [ RunTime:0.094716s ]
INFO: [ view_filter ] --START--
INFO: Run Behavior\WriteHtmlCacheBehavior [ RunTime:0.009769s ]
INFO: [ view_filter ] --END-- [ RunTime:0.009829s ]
INFO: [ app_end ] --START--
INFO: Run Behavior\ShowPageTraceBehavior [ RunTime:0.011069s ]
INFO: [ app_end ] --END-- [ RunTime:0.011119s ]

[ 2018-03-18T15:30:02+08:00 ] 127.0.0.1 /Admin/Classify/car_classify_brand/2018-03-11/5aa4cdecd5d81.png
INFO: [ app_init ] --START--
INFO: Run Behavior\BuildLiteBehavior [ RunTime:0.000022s ]
INFO: [ app_init ] --END-- [ RunTime:0.000107s ]

[ 2018-03-18T15:30:02+08:00 ] 127.0.0.1 /Admin/Classify/car_classify_brand/2017-12-27/5a435d1fd0033.png
INFO: [ app_init ] --START--
INFO: Run Behavior\BuildLiteBehavior [ RunTime:0.000018s ]
INFO: [ app_init ] --END-- [ RunTime:0.000110s ]

[ 2018-03-18T15:30:02+08:00 ] 127.0.0.1 /Admin/Classify/car_classify_brand/2017-12-27/5a435d0206da3.png
INFO: [ app_init ] --START--
INFO: Run Behavior\BuildLiteBehavior [ RunTime:0.000013s ]
INFO: [ app_init ] --END-- [ RunTime:0.000066s ]

[ 2018-03-18T15:30:02+08:00 ] 127.0.0.1 /Admin/Classify/car_classify_brand/2017-12-27/5a435d10c21df.png
INFO: [ app_init ] --START--
INFO: Run Behavior\BuildLiteBehavior [ RunTime:0.000028s ]
INFO: [ app_init ] --END-- [ RunTime:0.000162s ]

[ 2018-03-18T15:35:52+08:00 ] 127.0.0.1 /Admin/Classify/lists
INFO: [ app_init ] --START--
INFO: Run Behavior\BuildLiteBehavior [ RunTime:0.000012s ]
INFO: [ app_init ] --END-- [ RunTime:0.000073s ]
INFO: [ app_begin ] --START--
INFO: Run Behavior\ReadHtmlCacheBehavior [ RunTime:0.002371s ]
INFO: [ app_begin ] --END-- [ RunTime:0.002456s ]
NOTIC: [8] A session had already been started - ignoring session_start() E:\xampp\htdocs\youxin\ThinkPHP\Common\functions.php 第 1263 行.
SQL: SHOW COLUMNS FROM `car_classify_brand` [ RunTime:0.0053s ]
SQL: SELECT * FROM `car_classify_brand` WHERE ( 1 ) ORDER BY id desc LIMIT 0,20   [ RunTime:0.0004s ]
SQL: SELECT * FROM `car_classify_brand` WHERE `id` = 5 LIMIT 1   [ RunTime:0.0003s ]
SQL: SELECT * FROM `car_classify_brand` WHERE `id` = 4 LIMIT 1   [ RunTime:0.0003s ]
SQL: SELECT * FROM `car_classify_brand` WHERE `id` = 3 LIMIT 1   [ RunTime:0.0003s ]
SQL: SELECT * FROM `car_classify_brand` WHERE `id` = 2 LIMIT 1   [ RunTime:0.0003s ]
SQL: SELECT * FROM `car_classify_brand` WHERE `id` = 1 LIMIT 1   [ RunTime:0.0003s ]

[ 2018-03-18T15:35:54+08:00 ] 127.0.0.1 /Admin/Classify/lists
INFO: [ app_init ] --START--
INFO: Run Behavior\BuildLiteBehavior [ RunTime:0.000011s ]
INFO: [ app_init ] --END-- [ RunTime:0.000065s ]
INFO: [ app_begin ] --START--
INFO: Run Behavior\ReadHtmlCacheBehavior [ RunTime:0.000490s ]
INFO: [ app_begin ] --END-- [ RunTime:0.000548s ]
NOTIC: [8] A session had already been started - ignoring session_start() E:\xampp\htdocs\youxin\ThinkPHP\Common\functions.php 第 1263 行.
SQL: SHOW COLUMNS FROM `car_classify_brand` [ RunTime:0.0061s ]
SQL: SELECT * FROM `car_classify_brand` WHERE ( 1 ) ORDER BY id desc LIMIT 0,20   [ RunTime:0.0003s ]
SQL: SELECT * FROM `car_classify_brand` WHERE `id` = 5 LIMIT 1   [ RunTime:0.0003s ]
SQL: SELECT * FROM `car_classify_brand` WHERE `id` = 4 LIMIT 1   [ RunTime:0.0003s ]
SQL: SELECT * FROM `car_classify_brand` WHERE `id` = 3 LIMIT 1   [ RunTime:0.0002s ]
SQL: SELECT * FROM `car_classify_brand` WHERE `id` = 2 LIMIT 1   [ RunTime:0.0003s ]
SQL: SELECT * FROM `car_classify_brand` WHERE `id` = 1 LIMIT 1   [ RunTime:0.0003s ]

[ 2018-03-18T15:36:56+08:00 ] 127.0.0.1 /Admin/Classify/lists
INFO: [ app_init ] --START--
INFO: Run Behavior\BuildLiteBehavior [ RunTime:0.000017s ]
INFO: [ app_init ] --END-- [ RunTime:0.000099s ]
INFO: [ app_begin ] --START--
INFO: Run Behavior\ReadHtmlCacheBehavior [ RunTime:0.000860s ]
INFO: [ app_begin ] --END-- [ RunTime:0.000931s ]
NOTIC: [8] A session had already been started - ignoring session_start() E:\xampp\htdocs\youxin\ThinkPHP\Common\functions.php 第 1263 行.
SQL: SHOW COLUMNS FROM `car_classify_brand` [ RunTime:0.0053s ]
SQL: SELECT * FROM `car_classify_brand` WHERE ( 1 ) ORDER BY id desc LIMIT 0,20   [ RunTime:0.0006s ]
SQL: SELECT * FROM `car_classify_brand` WHERE `id` = 5 LIMIT 1   [ RunTime:0.0005s ]
SQL: SELECT * FROM `car_classify_brand` WHERE `id` = 4 LIMIT 1   [ RunTime:0.0003s ]
SQL: SELECT * FROM `car_classify_brand` WHERE `id` = 3 LIMIT 1   [ RunTime:0.0002s ]
SQL: SELECT * FROM `car_classify_brand` WHERE `id` = 2 LIMIT 1   [ RunTime:0.0003s ]
SQL: SELECT * FROM `car_classify_brand` WHERE `id` = 1 LIMIT 1   [ RunTime:0.0002s ]
INFO: [ view_parse ] --START--
INFO: [ template_filter ] --START--
INFO: Run Behavior\ContentReplaceBehavior [ RunTime:0.000045s ]
INFO: [ template_filter ] --END-- [ RunTime:0.000098s ]
INFO: Run Behavior\ParseTemplateBehavior [ RunTime:0.008806s ]
INFO: [ view_parse ] --END-- [ RunTime:0.008896s ]
INFO: [ view_filter ] --START--
INFO: Run Behavior\WriteHtmlCacheBehavior [ RunTime:0.000849s ]
INFO: [ view_filter ] --END-- [ RunTime:0.000918s ]
INFO: [ app_end ] --START--
INFO: Run Behavior\ShowPageTraceBehavior [ RunTime:0.001021s ]
INFO: [ app_end ] --END-- [ RunTime:0.001098s ]

[ 2018-03-18T15:37:00+08:00 ] 127.0.0.1 /Admin/Classify/lists
INFO: [ app_init ] --START--
INFO: Run Behavior\BuildLiteBehavior [ RunTime:0.000014s ]
INFO: [ app_init ] --END-- [ RunTime:0.000072s ]
INFO: [ app_begin ] --START--
INFO: Run Behavior\ReadHtmlCacheBehavior [ RunTime:0.000500s ]
INFO: [ app_begin ] --END-- [ RunTime:0.000559s ]
NOTIC: [8] A session had already been started - ignoring session_start() E:\xampp\htdocs\youxin\ThinkPHP\Common\functions.php 第 1263 行.
SQL: SHOW COLUMNS FROM `car_classify_brand` [ RunTime:0.0092s ]
SQL: SELECT * FROM `car_classify_brand` WHERE ( 1 ) ORDER BY id desc LIMIT 0,20   [ RunTime:0.0004s ]
SQL: SELECT * FROM `car_classify_brand` WHERE `id` = 5 LIMIT 1   [ RunTime:0.0003s ]
SQL: SELECT * FROM `car_classify_brand` WHERE `id` = 4 LIMIT 1   [ RunTime:0.0003s ]
SQL: SELECT * FROM `car_classify_brand` WHERE `id` = 3 LIMIT 1   [ RunTime:0.0003s ]
SQL: SELECT * FROM `car_classify_brand` WHERE `id` = 2 LIMIT 1   [ RunTime:0.0003s ]
SQL: SELECT * FROM `car_classify_brand` WHERE `id` = 1 LIMIT 1   [ RunTime:0.0003s ]
INFO: [ view_parse ] --START--
INFO: [ template_filter ] --START--
INFO: Run Behavior\ContentReplaceBehavior [ RunTime:0.000040s ]
INFO: [ template_filter ] --END-- [ RunTime:0.000096s ]
INFO: Run Behavior\ParseTemplateBehavior [ RunTime:0.007025s ]
INFO: [ view_parse ] --END-- [ RunTime:0.007117s ]
INFO: [ view_filter ] --START--
INFO: Run Behavior\WriteHtmlCacheBehavior [ RunTime:0.000569s ]
INFO: [ view_filter ] --END-- [ RunTime:0.000644s ]
INFO: [ app_end ] --START--
INFO: Run Behavior\ShowPageTraceBehavior [ RunTime:0.000596s ]
INFO: [ app_end ] --END-- [ RunTime:0.000647s ]

[ 2018-03-18T15:37:00+08:00 ] 127.0.0.1 /Admin/Classify/car_classify_brand/2017-12-27/5a435d1fd0033.png
INFO: [ app_init ] --START--
INFO: Run Behavior\BuildLiteBehavior [ RunTime:0.000045s ]
INFO: [ app_init ] --END-- [ RunTime:0.000267s ]

[ 2018-03-18T15:37:00+08:00 ] 127.0.0.1 /Admin/Classify/car_classify_brand/2017-12-27/5a435d0206da3.png
INFO: [ app_init ] --START--
INFO: Run Behavior\BuildLiteBehavior [ RunTime:0.000011s ]
INFO: [ app_init ] --END-- [ RunTime:0.000072s ]

[ 2018-03-18T15:37:00+08:00 ] 127.0.0.1 /Admin/Classify/car_classify_brand/2018-03-11/5aa4cdecd5d81.png
INFO: [ app_init ] --START--
INFO: Run Behavior\BuildLiteBehavior [ RunTime:0.000022s ]
INFO: [ app_init ] --END-- [ RunTime:0.000100s ]

[ 2018-03-18T15:37:00+08:00 ] 127.0.0.1 /Admin/Classify/car_classify_brand/2017-12-27/5a435d10c21df.png
INFO: [ app_init ] --START--
INFO: Run Behavior\BuildLiteBehavior [ RunTime:0.000015s ]
INFO: [ app_init ] --END-- [ RunTime:0.000069s ]

[ 2018-03-18T15:37:10+08:00 ] 127.0.0.1 /index.php/Admin/Classify/add.html
INFO: [ app_init ] --START--
INFO: Run Behavior\BuildLiteBehavior [ RunTime:0.000021s ]
INFO: [ app_init ] --END-- [ RunTime:0.000111s ]
INFO: [ app_begin ] --START--
INFO: Run Behavior\ReadHtmlCacheBehavior [ RunTime:0.001289s ]
INFO: [ app_begin ] --END-- [ RunTime:0.001399s ]
NOTIC: [8] A session had already been started - ignoring session_start() E:\xampp\htdocs\youxin\ThinkPHP\Common\functions.php 第 1263 行.
SQL: SHOW COLUMNS FROM `car_classify_brand` [ RunTime:0.0102s ]
SQL: SELECT * FROM `car_classify_brand` WHERE `parent_id` = 0  [ RunTime:0.0004s ]
INFO: [ view_parse ] --START--
INFO: [ template_filter ] --START--
INFO: Run Behavior\ContentReplaceBehavior [ RunTime:0.000041s ]
INFO: [ template_filter ] --END-- [ RunTime:0.000093s ]
INFO: Run Behavior\ParseTemplateBehavior [ RunTime:0.063344s ]
INFO: [ view_parse ] --END-- [ RunTime:0.063427s ]
INFO: [ view_filter ] --START--
INFO: Run Behavior\WriteHtmlCacheBehavior [ RunTime:0.000742s ]
INFO: [ view_filter ] --END-- [ RunTime:0.000802s ]
INFO: [ app_end ] --START--
INFO: Run Behavior\ShowPageTraceBehavior [ RunTime:0.000973s ]
INFO: [ app_end ] --END-- [ RunTime:0.001025s ]

[ 2018-03-18T15:37:22+08:00 ] 127.0.0.1 /index.php/Admin/Classify/doAdd.html
INFO: [ app_init ] --START--
INFO: Run Behavior\BuildLiteBehavior [ RunTime:0.000012s ]
INFO: [ app_init ] --END-- [ RunTime:0.000065s ]
INFO: [ app_begin ] --START--
INFO: Run Behavior\ReadHtmlCacheBehavior [ RunTime:0.000550s ]
INFO: [ app_begin ] --END-- [ RunTime:0.000611s ]
NOTIC: [8] A session had already been started - ignoring session_start() E:\xampp\htdocs\youxin\ThinkPHP\Common\functions.php 第 1263 行.
SQL: SHOW COLUMNS FROM `car_classify_brand` [ RunTime:0.0049s ]
SQL: INSERT INTO `car_classify_brand` (`name`,`parent_id`,`image`) VALUES ('法拉利','0','') [ RunTime:0.1005s ]
INFO: [ view_parse ] --START--
INFO: [ template_filter ] --START--
INFO: Run Behavior\ContentReplaceBehavior [ RunTime:0.000050s ]
INFO: [ template_filter ] --END-- [ RunTime:0.000102s ]
INFO: Run Behavior\ParseTemplateBehavior [ RunTime:0.044092s ]
INFO: [ view_parse ] --END-- [ RunTime:0.044185s ]
INFO: [ view_filter ] --START--
INFO: Run Behavior\WriteHtmlCacheBehavior [ RunTime:0.002614s ]
INFO: [ view_filter ] --END-- [ RunTime:0.002689s ]
INFO: [ app_end ] --START--
INFO: Run Behavior\ShowPageTraceBehavior [ RunTime:0.002979s ]
INFO: [ app_end ] --END-- [ RunTime:0.003159s ]

[ 2018-03-18T15:37:23+08:00 ] 127.0.0.1 /index.php/Admin/Classify/lists.html
INFO: [ app_init ] --START--
INFO: Run Behavior\BuildLiteBehavior [ RunTime:0.000023s ]
INFO: [ app_init ] --END-- [ RunTime:0.000150s ]
INFO: [ app_begin ] --START--
INFO: Run Behavior\ReadHtmlCacheBehavior [ RunTime:0.003926s ]
INFO: [ app_begin ] --END-- [ RunTime:0.004167s ]
NOTIC: [8] A session had already been started - ignoring session_start() E:\xampp\htdocs\youxin\ThinkPHP\Common\functions.php 第 1263 行.
SQL: SHOW COLUMNS FROM `car_classify_brand` [ RunTime:0.0402s ]
SQL: SELECT * FROM `car_classify_brand` WHERE ( 1 ) ORDER BY id desc LIMIT 0,20   [ RunTime:0.0004s ]
SQL: SELECT * FROM `car_classify_brand` WHERE `id` = 6 LIMIT 1   [ RunTime:0.0003s ]
SQL: SELECT * FROM `car_classify_brand` WHERE `id` = 5 LIMIT 1   [ RunTime:0.0003s ]
SQL: SELECT * FROM `car_classify_brand` WHERE `id` = 4 LIMIT 1   [ RunTime:0.0002s ]
SQL: SELECT * FROM `car_classify_brand` WHERE `id` = 3 LIMIT 1   [ RunTime:0.0002s ]
SQL: SELECT * FROM `car_classify_brand` WHERE `id` = 2 LIMIT 1   [ RunTime:0.0002s ]
SQL: SELECT * FROM `car_classify_brand` WHERE `id` = 1 LIMIT 1   [ RunTime:0.0002s ]
INFO: [ view_parse ] --START--
INFO: [ template_filter ] --START--
INFO: Run Behavior\ContentReplaceBehavior [ RunTime:0.000048s ]
INFO: [ template_filter ] --END-- [ RunTime:0.000104s ]
INFO: Run Behavior\ParseTemplateBehavior [ RunTime:0.019515s ]
INFO: [ view_parse ] --END-- [ RunTime:0.019610s ]
INFO: [ view_filter ] --START--
INFO: Run Behavior\WriteHtmlCacheBehavior [ RunTime:0.004201s ]
INFO: [ view_filter ] --END-- [ RunTime:0.004281s ]
INFO: [ app_end ] --START--
INFO: Run Behavior\ShowPageTraceBehavior [ RunTime:0.004166s ]
INFO: [ app_end ] --END-- [ RunTime:0.004287s ]

[ 2018-03-18T15:37:23+08:00 ] 127.0.0.1 /index.php/Admin/Classify/car_classify_brand/2018-03-11/5aa4cdecd5d81.png
INFO: [ app_init ] --START--
INFO: Run Behavior\BuildLiteBehavior [ RunTime:0.000017s ]
INFO: [ app_init ] --END-- [ RunTime:0.000100s ]

[ 2018-03-18T15:37:23+08:00 ] 127.0.0.1 /index.php/Admin/Classify/car_classify_brand/2017-12-27/5a435d1fd0033.png
INFO: [ app_init ] --START--
INFO: Run Behavior\BuildLiteBehavior [ RunTime:0.000015s ]
INFO: [ app_init ] --END-- [ RunTime:0.000103s ]

[ 2018-03-18T15:37:23+08:00 ] 127.0.0.1 /index.php/Admin/Classify/car_classify_brand/2017-12-27/5a435d10c21df.png
INFO: [ app_init ] --START--
INFO: Run Behavior\BuildLiteBehavior [ RunTime:0.000014s ]
INFO: [ app_init ] --END-- [ RunTime:0.000086s ]

[ 2018-03-18T15:37:23+08:00 ] 127.0.0.1 /index.php/Admin/Classify/car_classify_brand/2017-12-27/5a435d0206da3.png
INFO: [ app_init ] --START--
INFO: Run Behavior\BuildLiteBehavior [ RunTime:0.000023s ]
INFO: [ app_init ] --END-- [ RunTime:0.000211s ]

[ 2018-03-18T15:37:24+08:00 ] 127.0.0.1 /index.php/Admin/Classify/add.html
INFO: [ app_init ] --START--
INFO: Run Behavior\BuildLiteBehavior [ RunTime:0.000012s ]
INFO: [ app_init ] --END-- [ RunTime:0.000066s ]
INFO: [ app_begin ] --START--
INFO: Run Behavior\ReadHtmlCacheBehavior [ RunTime:0.001205s ]
INFO: [ app_begin ] --END-- [ RunTime:0.001306s ]
NOTIC: [8] A session had already been started - ignoring session_start() E:\xampp\htdocs\youxin\ThinkPHP\Common\functions.php 第 1263 行.
SQL: SHOW COLUMNS FROM `car_classify_brand` [ RunTime:0.0048s ]
SQL: SELECT * FROM `car_classify_brand` WHERE `parent_id` = 0  [ RunTime:0.0005s ]
INFO: [ view_parse ] --START--
INFO: [ template_filter ] --START--
INFO: Run Behavior\ContentReplaceBehavior [ RunTime:0.000059s ]
INFO: [ template_filter ] --END-- [ RunTime:0.000139s ]
INFO: Run Behavior\ParseTemplateBehavior [ RunTime:0.009558s ]
INFO: [ view_parse ] --END-- [ RunTime:0.009640s ]
INFO: [ view_filter ] --START--
INFO: Run Behavior\WriteHtmlCacheBehavior [ RunTime:0.000671s ]
INFO: [ view_filter ] --END-- [ RunTime:0.000719s ]
INFO: [ app_end ] --START--
INFO: Run Behavior\ShowPageTraceBehavior [ RunTime:0.000699s ]
INFO: [ app_end ] --END-- [ RunTime:0.000743s ]

[ 2018-03-18T15:37:26+08:00 ] 127.0.0.1 /index.php/Admin/Classify/lists.html
INFO: [ app_init ] --START--
INFO: Run Behavior\BuildLiteBehavior [ RunTime:0.000011s ]
INFO: [ app_init ] --END-- [ RunTime:0.000058s ]
INFO: [ app_begin ] --START--
INFO: Run Behavior\ReadHtmlCacheBehavior [ RunTime:0.000625s ]
INFO: [ app_begin ] --END-- [ RunTime:0.000701s ]
NOTIC: [8] A session had already been started - ignoring session_start() E:\xampp\htdocs\youxin\ThinkPHP\Common\functions.php 第 1263 行.
SQL: SHOW COLUMNS FROM `car_classify_brand` [ RunTime:0.0078s ]
SQL: SELECT * FROM `car_classify_brand` WHERE ( 1 ) ORDER BY id desc LIMIT 0,20   [ RunTime:0.0005s ]
SQL: SELECT * FROM `car_classify_brand` WHERE `id` = 6 LIMIT 1   [ RunTime:0.0005s ]
SQL: SELECT * FROM `car_classify_brand` WHERE `id` = 5 LIMIT 1   [ RunTime:0.0004s ]
SQL: SELECT * FROM `car_classify_brand` WHERE `id` = 4 LIMIT 1   [ RunTime:0.0004s ]
SQL: SELECT * FROM `car_classify_brand` WHERE `id` = 3 LIMIT 1   [ RunTime:0.0003s ]
SQL: SELECT * FROM `car_classify_brand` WHERE `id` = 2 LIMIT 1   [ RunTime:0.0003s ]
SQL: SELECT * FROM `car_classify_brand` WHERE `id` = 1 LIMIT 1   [ RunTime:0.0003s ]
INFO: [ view_parse ] --START--
INFO: [ template_filter ] --START--
INFO: Run Behavior\ContentReplaceBehavior [ RunTime:0.000042s ]
INFO: [ template_filter ] --END-- [ RunTime:0.000092s ]
INFO: Run Behavior\ParseTemplateBehavior [ RunTime:0.007009s ]
INFO: [ view_parse ] --END-- [ RunTime:0.007102s ]
INFO: [ view_filter ] --START--
INFO: Run Behavior\WriteHtmlCacheBehavior [ RunTime:0.000507s ]
INFO: [ view_filter ] --END-- [ RunTime:0.000570s ]
INFO: [ app_end ] --START--
INFO: Run Behavior\ShowPageTraceBehavior [ RunTime:0.001324s ]
INFO: [ app_end ] --END-- [ RunTime:0.001719s ]

[ 2018-03-18T15:37:26+08:00 ] 127.0.0.1 /index.php/Admin/Classify/car_classify_brand/2018-03-11/5aa4cdecd5d81.png
INFO: [ app_init ] --START--
INFO: Run Behavior\BuildLiteBehavior [ RunTime:0.000021s ]
INFO: [ app_init ] --END-- [ RunTime:0.000102s ]

[ 2018-03-18T15:37:26+08:00 ] 127.0.0.1 /index.php/Admin/Classify/car_classify_brand/2017-12-27/5a435d1fd0033.png
INFO: [ app_init ] --START--
INFO: Run Behavior\BuildLiteBehavior [ RunTime:0.000011s ]
INFO: [ app_init ] --END-- [ RunTime:0.000065s ]

[ 2018-03-18T15:37:26+08:00 ] 127.0.0.1 /index.php/Admin/Classify/car_classify_brand/2017-12-27/5a435d10c21df.png
INFO: [ app_init ] --START--
INFO: Run Behavior\BuildLiteBehavior [ RunTime:0.000024s ]
INFO: [ app_init ] --END-- [ RunTime:0.000483s ]

[ 2018-03-18T15:37:26+08:00 ] 127.0.0.1 /index.php/Admin/Classify/car_classify_brand/2017-12-27/5a435d0206da3.png
INFO: [ app_init ] --START--
INFO: Run Behavior\BuildLiteBehavior [ RunTime:0.000012s ]
INFO: [ app_init ] --END-- [ RunTime:0.000064s ]

[ 2018-03-18T15:37:27+08:00 ] 127.0.0.1 /index.php/Admin/Classify/add.html
INFO: [ app_init ] --START--
INFO: Run Behavior\BuildLiteBehavior [ RunTime:0.000014s ]
INFO: [ app_init ] --END-- [ RunTime:0.000086s ]
INFO: [ app_begin ] --START--
INFO: Run Behavior\ReadHtmlCacheBehavior [ RunTime:0.003155s ]
INFO: [ app_begin ] --END-- [ RunTime:0.003260s ]
NOTIC: [8] A session had already been started - ignoring session_start() E:\xampp\htdocs\youxin\ThinkPHP\Common\functions.php 第 1263 行.
SQL: SHOW COLUMNS FROM `car_classify_brand` [ RunTime:0.0052s ]
SQL: SELECT * FROM `car_classify_brand` WHERE `parent_id` = 0  [ RunTime:0.0005s ]
INFO: [ view_parse ] --START--
INFO: [ template_filter ] --START--
INFO: Run Behavior\ContentReplaceBehavior [ RunTime:0.000042s ]
INFO: [ template_filter ] --END-- [ RunTime:0.000104s ]
INFO: Run Behavior\ParseTemplateBehavior [ RunTime:0.018886s ]
INFO: [ view_parse ] --END-- [ RunTime:0.018976s ]
INFO: [ view_filter ] --START--
INFO: Run Behavior\WriteHtmlCacheBehavior [ RunTime:0.003529s ]
INFO: [ view_filter ] --END-- [ RunTime:0.003597s ]
INFO: [ app_end ] --START--
INFO: Run Behavior\ShowPageTraceBehavior [ RunTime:0.002838s ]
INFO: [ app_end ] --END-- [ RunTime:0.002891s ]

[ 2018-03-18T15:37:55+08:00 ] 127.0.0.1 /index.php/Admin/Classify/doAdd.html
INFO: [ app_init ] --START--
INFO: Run Behavior\BuildLiteBehavior [ RunTime:0.000011s ]
INFO: [ app_init ] --END-- [ RunTime:0.000060s ]
INFO: [ app_begin ] --START--
INFO: Run Behavior\ReadHtmlCacheBehavior [ RunTime:0.002581s ]
INFO: [ app_begin ] --END-- [ RunTime:0.002643s ]
NOTIC: [8] A session had already been started - ignoring session_start() E:\xampp\htdocs\youxin\ThinkPHP\Common\functions.php 第 1263 行.
NOTIC: [2] call_user_func() expects parameter 1 to be a valid callback, no array or string given E:\xampp\htdocs\youxin\ThinkPHP\Library\Think\Upload.class.php 第 170 行.
SQL: SHOW COLUMNS FROM `car_classify_brand` [ RunTime:0.0049s ]
SQL: INSERT INTO `car_classify_brand` (`name`,`parent_id`,`image`) VALUES ('福特','0','car_classify_brand/2018-03-18/5aae1753181e7.png') [ RunTime:0.0656s ]
INFO: [ view_parse ] --START--
INFO: [ template_filter ] --START--
INFO: Run Behavior\ContentReplaceBehavior [ RunTime:0.000044s ]
INFO: [ template_filter ] --END-- [ RunTime:0.000097s ]
INFO: Run Behavior\ParseTemplateBehavior [ RunTime:0.014593s ]
INFO: [ view_parse ] --END-- [ RunTime:0.014663s ]
INFO: [ view_filter ] --START--
INFO: Run Behavior\WriteHtmlCacheBehavior [ RunTime:0.003021s ]
INFO: [ view_filter ] --END-- [ RunTime:0.003073s ]
INFO: [ app_end ] --START--
INFO: Run Behavior\ShowPageTraceBehavior [ RunTime:0.002619s ]
INFO: [ app_end ] --END-- [ RunTime:0.002658s ]

[ 2018-03-18T15:37:56+08:00 ] 127.0.0.1 /index.php/Admin/Classify/lists.html
INFO: [ app_init ] --START--
INFO: Run Behavior\BuildLiteBehavior [ RunTime:0.000020s ]
INFO: [ app_init ] --END-- [ RunTime:0.000126s ]
INFO: [ app_begin ] --START--
INFO: Run Behavior\ReadHtmlCacheBehavior [ RunTime:0.003944s ]
INFO: [ app_begin ] --END-- [ RunTime:0.004022s ]
NOTIC: [8] A session had already been started - ignoring session_start() E:\xampp\htdocs\youxin\ThinkPHP\Common\functions.php 第 1263 行.
SQL: SHOW COLUMNS FROM `car_classify_brand` [ RunTime:0.0046s ]
SQL: SELECT * FROM `car_classify_brand` WHERE ( 1 ) ORDER BY id desc LIMIT 0,20   [ RunTime:0.0004s ]
SQL: SELECT * FROM `car_classify_brand` WHERE `id` = 7 LIMIT 1   [ RunTime:0.0005s ]
SQL: SELECT * FROM `car_classify_brand` WHERE `id` = 6 LIMIT 1   [ RunTime:0.0004s ]
SQL: SELECT * FROM `car_classify_brand` WHERE `id` = 5 LIMIT 1   [ RunTime:0.0003s ]
SQL: SELECT * FROM `car_classify_brand` WHERE `id` = 4 LIMIT 1   [ RunTime:0.0002s ]
SQL: SELECT * FROM `car_classify_brand` WHERE `id` = 3 LIMIT 1   [ RunTime:0.0002s ]
SQL: SELECT * FROM `car_classify_brand` WHERE `id` = 2 LIMIT 1   [ RunTime:0.0002s ]
SQL: SELECT * FROM `car_classify_brand` WHERE `id` = 1 LIMIT 1   [ RunTime:0.0002s ]
INFO: [ view_parse ] --START--
INFO: [ template_filter ] --START--
INFO: Run Behavior\ContentReplaceBehavior [ RunTime:0.000055s ]
INFO: [ template_filter ] --END-- [ RunTime:0.000119s ]
INFO: Run Behavior\ParseTemplateBehavior [ RunTime:0.016416s ]
INFO: [ view_parse ] --END-- [ RunTime:0.016506s ]
INFO: [ view_filter ] --START--
INFO: Run Behavior\WriteHtmlCacheBehavior [ RunTime:0.005329s ]
INFO: [ view_filter ] --END-- [ RunTime:0.005406s ]
INFO: [ app_end ] --START--
INFO: Run Behavior\ShowPageTraceBehavior [ RunTime:0.004439s ]
INFO: [ app_end ] --END-- [ RunTime:0.004509s ]

[ 2018-03-18T15:37:56+08:00 ] 127.0.0.1 /index.php/Admin/Classify/car_classify_brand/2018-03-18/5aae1753181e7.png
INFO: [ app_init ] --START--
INFO: Run Behavior\BuildLiteBehavior [ RunTime:0.000014s ]
INFO: [ app_init ] --END-- [ RunTime:0.000073s ]

[ 2018-03-18T15:37:56+08:00 ] 127.0.0.1 /index.php/Admin/Classify/car_classify_brand/2017-12-27/5a435d0206da3.png
INFO: [ app_init ] --START--
INFO: Run Behavior\BuildLiteBehavior [ RunTime:0.000023s ]
INFO: [ app_init ] --END-- [ RunTime:0.000168s ]

[ 2018-03-18T15:37:56+08:00 ] 127.0.0.1 /index.php/Admin/Classify/car_classify_brand/2017-12-27/5a435d10c21df.png
INFO: [ app_init ] --START--
INFO: Run Behavior\BuildLiteBehavior [ RunTime:0.000026s ]
INFO: [ app_init ] --END-- [ RunTime:0.000189s ]

[ 2018-03-18T15:37:56+08:00 ] 127.0.0.1 /index.php/Admin/Classify/car_classify_brand/2017-12-27/5a435d1fd0033.png
INFO: [ app_init ] --START--
INFO: Run Behavior\BuildLiteBehavior [ RunTime:0.000016s ]
INFO: [ app_init ] --END-- [ RunTime:0.000083s ]

[ 2018-03-18T15:37:56+08:00 ] 127.0.0.1 /index.php/Admin/Classify/car_classify_brand/2018-03-11/5aa4cdecd5d81.png
INFO: [ app_init ] --START--
INFO: Run Behavior\BuildLiteBehavior [ RunTime:0.000022s ]
INFO: [ app_init ] --END-- [ RunTime:0.000165s ]

[ 2018-03-18T15:44:34+08:00 ] 127.0.0.1 /index.php/Admin/Classify/lists.html
INFO: [ app_init ] --START--
INFO: Run Behavior\BuildLiteBehavior [ RunTime:0.000018s ]
INFO: [ app_init ] --END-- [ RunTime:0.000105s ]
INFO: [ app_begin ] --START--
INFO: Run Behavior\ReadHtmlCacheBehavior [ RunTime:0.000784s ]
INFO: [ app_begin ] --END-- [ RunTime:0.000848s ]
NOTIC: [8] A session had already been started - ignoring session_start() E:\xampp\htdocs\youxin\ThinkPHP\Common\functions.php 第 1263 行.
SQL: SHOW COLUMNS FROM `car_classify_brand` [ RunTime:0.0053s ]
SQL: SELECT * FROM `car_classify_brand` WHERE ( 1 ) ORDER BY id desc LIMIT 0,20   [ RunTime:0.0003s ]
SQL: SELECT * FROM `car_classify_brand` WHERE `id` = 7 LIMIT 1   [ RunTime:0.0002s ]
SQL: SELECT * FROM `car_classify_brand` WHERE `id` = 6 LIMIT 1   [ RunTime:0.0002s ]
SQL: SELECT * FROM `car_classify_brand` WHERE `id` = 5 LIMIT 1   [ RunTime:0.0003s ]
SQL: SELECT * FROM `car_classify_brand` WHERE `id` = 4 LIMIT 1   [ RunTime:0.0003s ]
SQL: SELECT * FROM `car_classify_brand` WHERE `id` = 3 LIMIT 1   [ RunTime:0.0004s ]
SQL: SELECT * FROM `car_classify_brand` WHERE `id` = 2 LIMIT 1   [ RunTime:0.0005s ]
SQL: SELECT * FROM `car_classify_brand` WHERE `id` = 1 LIMIT 1   [ RunTime:0.0006s ]
INFO: [ view_parse ] --START--
INFO: [ template_filter ] --START--
INFO: Run Behavior\ContentReplaceBehavior [ RunTime:0.000051s ]
INFO: [ template_filter ] --END-- [ RunTime:0.000104s ]
INFO: Run Behavior\ParseTemplateBehavior [ RunTime:0.008238s ]
INFO: [ view_parse ] --END-- [ RunTime:0.008342s ]
INFO: [ view_filter ] --START--
INFO: Run Behavior\WriteHtmlCacheBehavior [ RunTime:0.001034s ]
INFO: [ view_filter ] --END-- [ RunTime:0.001118s ]
INFO: [ app_end ] --START--
INFO: Run Behavior\ShowPageTraceBehavior [ RunTime:0.000773s ]
INFO: [ app_end ] --END-- [ RunTime:0.000817s ]

[ 2018-03-18T15:44:34+08:00 ] 127.0.0.1 /index.php/Admin/Classify/car_classify_brand/2018-03-18/5aae1753181e7.png
INFO: [ app_init ] --START--
INFO: Run Behavior\BuildLiteBehavior [ RunTime:0.000018s ]
INFO: [ app_init ] --END-- [ RunTime:0.000097s ]

[ 2018-03-18T15:44:34+08:00 ] 127.0.0.1 /index.php/Admin/Classify/car_classify_brand/2018-03-11/5aa4cdecd5d81.png
INFO: [ app_init ] --START--
INFO: Run Behavior\BuildLiteBehavior [ RunTime:0.000034s ]
INFO: [ app_init ] --END-- [ RunTime:0.000182s ]

[ 2018-03-18T15:44:34+08:00 ] 127.0.0.1 /index.php/Admin/Classify/car_classify_brand/2017-12-27/5a435d0206da3.png
INFO: [ app_init ] --START--
INFO: Run Behavior\BuildLiteBehavior [ RunTime:0.000013s ]
INFO: [ app_init ] --END-- [ RunTime:0.000089s ]

[ 2018-03-18T15:44:34+08:00 ] 127.0.0.1 /index.php/Admin/Classify/car_classify_brand/2017-12-27/5a435d10c21df.png
INFO: [ app_init ] --START--
INFO: Run Behavior\BuildLiteBehavior [ RunTime:0.000012s ]
INFO: [ app_init ] --END-- [ RunTime:0.000069s ]

[ 2018-03-18T15:44:34+08:00 ] 127.0.0.1 /index.php/Admin/Classify/car_classify_brand/2017-12-27/5a435d1fd0033.png
INFO: [ app_init ] --START--
INFO: Run Behavior\BuildLiteBehavior [ RunTime:0.000018s ]
INFO: [ app_init ] --END-- [ RunTime:0.000105s ]

[ 2018-03-18T15:44:49+08:00 ] 127.0.0.1 /index.php/Admin/Classify/lists.html
INFO: [ app_init ] --START--
INFO: Run Behavior\BuildLiteBehavior [ RunTime:0.000011s ]
INFO: [ app_init ] --END-- [ RunTime:0.000054s ]
INFO: [ app_begin ] --START--
INFO: Run Behavior\ReadHtmlCacheBehavior [ RunTime:0.000787s ]
INFO: [ app_begin ] --END-- [ RunTime:0.000843s ]
NOTIC: [8] A session had already been started - ignoring session_start() E:\xampp\htdocs\youxin\ThinkPHP\Common\functions.php 第 1263 行.
SQL: SHOW COLUMNS FROM `car_classify_brand` [ RunTime:0.0057s ]
SQL: SELECT * FROM `car_classify_brand` WHERE ( 1 ) ORDER BY id desc LIMIT 0,20   [ RunTime:0.0004s ]
SQL: SELECT * FROM `car_classify_brand` WHERE `id` = 7 LIMIT 1   [ RunTime:0.0004s ]
SQL: SELECT * FROM `car_classify_brand` WHERE `id` = 6 LIMIT 1   [ RunTime:0.0004s ]
SQL: SELECT * FROM `car_classify_brand` WHERE `id` = 5 LIMIT 1   [ RunTime:0.0003s ]
SQL: SELECT * FROM `car_classify_brand` WHERE `id` = 4 LIMIT 1   [ RunTime:0.0003s ]
SQL: SELECT * FROM `car_classify_brand` WHERE `id` = 3 LIMIT 1   [ RunTime:0.0003s ]
SQL: SELECT * FROM `car_classify_brand` WHERE `id` = 2 LIMIT 1   [ RunTime:0.0003s ]
SQL: SELECT * FROM `car_classify_brand` WHERE `id` = 1 LIMIT 1   [ RunTime:0.0003s ]
INFO: [ view_parse ] --START--
INFO: [ template_filter ] --START--
INFO: Run Behavior\ContentReplaceBehavior [ RunTime:0.000045s ]
INFO: [ template_filter ] --END-- [ RunTime:0.000094s ]
INFO: Run Behavior\ParseTemplateBehavior [ RunTime:0.007001s ]
INFO: [ view_parse ] --END-- [ RunTime:0.007081s ]
INFO: [ view_filter ] --START--
INFO: Run Behavior\WriteHtmlCacheBehavior [ RunTime:0.000723s ]
INFO: [ view_filter ] --END-- [ RunTime:0.000773s ]
INFO: [ app_end ] --START--
INFO: Run Behavior\ShowPageTraceBehavior [ RunTime:0.000664s ]
INFO: [ app_end ] --END-- [ RunTime:0.000703s ]

[ 2018-03-18T15:44:49+08:00 ] 127.0.0.1 /index.php/Admin/Classify/car_classify_brand/2018-03-18/5aae1753181e7.png
INFO: [ app_init ] --START--
INFO: Run Behavior\BuildLiteBehavior [ RunTime:0.000019s ]
INFO: [ app_init ] --END-- [ RunTime:0.000113s ]

[ 2018-03-18T15:44:49+08:00 ] 127.0.0.1 /index.php/Admin/Classify/car_classify_brand/2017-12-27/5a435d0206da3.png
INFO: [ app_init ] --START--
INFO: Run Behavior\BuildLiteBehavior [ RunTime:0.000028s ]
INFO: [ app_init ] --END-- [ RunTime:0.000158s ]

[ 2018-03-18T15:44:49+08:00 ] 127.0.0.1 /index.php/Admin/Classify/car_classify_brand/2017-12-27/5a435d10c21df.png
INFO: [ app_init ] --START--
INFO: Run Behavior\BuildLiteBehavior [ RunTime:0.000016s ]
INFO: [ app_init ] --END-- [ RunTime:0.000088s ]

[ 2018-03-18T15:44:49+08:00 ] 127.0.0.1 /index.php/Admin/Classify/car_classify_brand/2018-03-11/5aa4cdecd5d81.png
INFO: [ app_init ] --START--
INFO: Run Behavior\BuildLiteBehavior [ RunTime:0.000026s ]
INFO: [ app_init ] --END-- [ RunTime:0.000304s ]

[ 2018-03-18T15:44:49+08:00 ] 127.0.0.1 /index.php/Admin/Classify/car_classify_brand/2017-12-27/5a435d1fd0033.png
INFO: [ app_init ] --START--
INFO: Run Behavior\BuildLiteBehavior [ RunTime:0.000021s ]
INFO: [ app_init ] --END-- [ RunTime:0.000184s ]

[ 2018-03-18T15:48:10+08:00 ] 127.0.0.1 /index.php/Admin/Classify/lists.html
INFO: [ app_init ] --START--
INFO: Run Behavior\BuildLiteBehavior [ RunTime:0.000011s ]
INFO: [ app_init ] --END-- [ RunTime:0.000068s ]
INFO: [ app_begin ] --START--
INFO: Run Behavior\ReadHtmlCacheBehavior [ RunTime:0.001485s ]
INFO: [ app_begin ] --END-- [ RunTime:0.001559s ]
NOTIC: [8] A session had already been started - ignoring session_start() E:\xampp\htdocs\youxin\ThinkPHP\Common\functions.php 第 1263 行.
SQL: SHOW COLUMNS FROM `car_classify_brand` [ RunTime:0.0054s ]
SQL: SELECT * FROM `car_classify_brand` WHERE ( 1 ) ORDER BY id desc LIMIT 0,20   [ RunTime:0.0005s ]
SQL: SELECT * FROM `car_classify_brand` WHERE `id` = 7 LIMIT 1   [ RunTime:0.0005s ]
SQL: SELECT * FROM `car_classify_brand` WHERE `id` = 6 LIMIT 1   [ RunTime:0.0004s ]
SQL: SELECT * FROM `car_classify_brand` WHERE `id` = 5 LIMIT 1   [ RunTime:0.0003s ]
SQL: SELECT * FROM `car_classify_brand` WHERE `id` = 4 LIMIT 1   [ RunTime:0.0003s ]
SQL: SELECT * FROM `car_classify_brand` WHERE `id` = 3 LIMIT 1   [ RunTime:0.0003s ]
SQL: SELECT * FROM `car_classify_brand` WHERE `id` = 2 LIMIT 1   [ RunTime:0.0003s ]
SQL: SELECT * FROM `car_classify_brand` WHERE `id` = 1 LIMIT 1   [ RunTime:0.0003s ]

[ 2018-03-18T15:48:12+08:00 ] 127.0.0.1 /index.php/Admin/Classify/lists.html
INFO: [ app_init ] --START--
INFO: Run Behavior\BuildLiteBehavior [ RunTime:0.000012s ]
INFO: [ app_init ] --END-- [ RunTime:0.000066s ]
INFO: [ app_begin ] --START--
INFO: Run Behavior\ReadHtmlCacheBehavior [ RunTime:0.001240s ]
INFO: [ app_begin ] --END-- [ RunTime:0.001305s ]
NOTIC: [8] A session had already been started - ignoring session_start() E:\xampp\htdocs\youxin\ThinkPHP\Common\functions.php 第 1263 行.
SQL: SHOW COLUMNS FROM `car_classify_brand` [ RunTime:0.5390s ]
SQL: SELECT * FROM `car_classify_brand` WHERE ( 1 ) ORDER BY id desc LIMIT 0,20   [ RunTime:0.0003s ]
SQL: SELECT * FROM `car_classify_brand` WHERE `id` = 7 LIMIT 1   [ RunTime:0.0002s ]
SQL: SELECT * FROM `car_classify_brand` WHERE `id` = 6 LIMIT 1   [ RunTime:0.0003s ]
SQL: SELECT * FROM `car_classify_brand` WHERE `id` = 5 LIMIT 1   [ RunTime:0.0002s ]
SQL: SELECT * FROM `car_classify_brand` WHERE `id` = 4 LIMIT 1   [ RunTime:0.0002s ]
SQL: SELECT * FROM `car_classify_brand` WHERE `id` = 3 LIMIT 1   [ RunTime:0.0002s ]
SQL: SELECT * FROM `car_classify_brand` WHERE `id` = 2 LIMIT 1   [ RunTime:0.0002s ]
SQL: SELECT * FROM `car_classify_brand` WHERE `id` = 1 LIMIT 1   [ RunTime:0.0003s ]

[ 2018-03-18T15:49:59+08:00 ] 127.0.0.1 /index.php/Admin/Classify/lists.html
INFO: [ app_init ] --START--
INFO: Run Behavior\BuildLiteBehavior [ RunTime:0.000014s ]
INFO: [ app_init ] --END-- [ RunTime:0.000087s ]
INFO: [ app_begin ] --START--
INFO: Run Behavior\ReadHtmlCacheBehavior [ RunTime:0.002757s ]
INFO: [ app_begin ] --END-- [ RunTime:0.002871s ]
NOTIC: [8] A session had already been started - ignoring session_start() E:\xampp\htdocs\youxin\ThinkPHP\Common\functions.php 第 1263 行.
SQL: SHOW COLUMNS FROM `car_classify_brand` [ RunTime:0.0045s ]
SQL: SELECT * FROM `car_classify_brand` WHERE ( 1 ) ORDER BY id desc LIMIT 0,20   [ RunTime:0.0004s ]
SQL: SELECT * FROM `car_classify_brand` WHERE `id` = 7 LIMIT 1   [ RunTime:0.0003s ]
SQL: SELECT * FROM `car_classify_brand` WHERE `id` = 6 LIMIT 1   [ RunTime:0.0005s ]
SQL: SELECT * FROM `car_classify_brand` WHERE `id` = 5 LIMIT 1   [ RunTime:0.0002s ]
SQL: SELECT * FROM `car_classify_brand` WHERE `id` = 4 LIMIT 1   [ RunTime:0.0002s ]
SQL: SELECT * FROM `car_classify_brand` WHERE `id` = 3 LIMIT 1   [ RunTime:0.0001s ]
SQL: SELECT * FROM `car_classify_brand` WHERE `id` = 2 LIMIT 1   [ RunTime:0.0001s ]
SQL: SELECT * FROM `car_classify_brand` WHERE `id` = 1 LIMIT 1   [ RunTime:0.0001s ]
INFO: [ view_parse ] --START--
INFO: [ template_filter ] --START--
INFO: Run Behavior\ContentReplaceBehavior [ RunTime:0.000044s ]
INFO: [ template_filter ] --END-- [ RunTime:0.000103s ]
INFO: Run Behavior\ParseTemplateBehavior [ RunTime:0.008599s ]
INFO: [ view_parse ] --END-- [ RunTime:0.008663s ]
INFO: [ view_filter ] --START--
INFO: Run Behavior\WriteHtmlCacheBehavior [ RunTime:0.001047s ]
INFO: [ view_filter ] --END-- [ RunTime:0.001088s ]
INFO: [ app_end ] --START--
INFO: Run Behavior\ShowPageTraceBehavior [ RunTime:0.001285s ]
INFO: [ app_end ] --END-- [ RunTime:0.001343s ]

[ 2018-03-18T15:51:08+08:00 ] 127.0.0.1 /index.php/Admin/Classify/lists.html
INFO: [ app_init ] --START--
INFO: Run Behavior\BuildLiteBehavior [ RunTime:0.000018s ]
INFO: [ app_init ] --END-- [ RunTime:0.000108s ]
INFO: [ app_begin ] --START--
INFO: Run Behavior\ReadHtmlCacheBehavior [ RunTime:0.004046s ]
INFO: [ app_begin ] --END-- [ RunTime:0.004236s ]
NOTIC: [8] A session had already been started - ignoring session_start() E:\xampp\htdocs\youxin\ThinkPHP\Common\functions.php 第 1263 行.
SQL: SHOW COLUMNS FROM `car_classify_brand` [ RunTime:0.0093s ]
SQL: SELECT * FROM `car_classify_brand` WHERE ( 1 ) ORDER BY id desc LIMIT 0,20   [ RunTime:0.0006s ]
INFO: [ view_parse ] --START--
INFO: [ template_filter ] --START--
INFO: Run Behavior\ContentReplaceBehavior [ RunTime:0.000049s ]
INFO: [ template_filter ] --END-- [ RunTime:0.000119s ]
INFO: Run Behavior\ParseTemplateBehavior [ RunTime:0.013562s ]
INFO: [ view_parse ] --END-- [ RunTime:0.013670s ]
INFO: [ view_filter ] --START--
INFO: Run Behavior\WriteHtmlCacheBehavior [ RunTime:0.001046s ]
INFO: [ view_filter ] --END-- [ RunTime:0.001291s ]
INFO: [ app_end ] --START--
INFO: Run Behavior\ShowPageTraceBehavior [ RunTime:0.001246s ]
INFO: [ app_end ] --END-- [ RunTime:0.001326s ]

[ 2018-03-18T15:53:28+08:00 ] 127.0.0.1 /index.php/Admin/Classify/edit/id/6.html
INFO: [ app_init ] --START--
INFO: Run Behavior\BuildLiteBehavior [ RunTime:0.000010s ]
INFO: [ app_init ] --END-- [ RunTime:0.000061s ]
INFO: [ app_begin ] --START--
INFO: Run Behavior\ReadHtmlCacheBehavior [ RunTime:0.000833s ]
INFO: [ app_begin ] --END-- [ RunTime:0.000900s ]
NOTIC: [8] A session had already been started - ignoring session_start() E:\xampp\htdocs\youxin\ThinkPHP\Common\functions.php 第 1263 行.
SQL: SHOW COLUMNS FROM `car_classify_brand` [ RunTime:0.0043s ]
SQL: SELECT * FROM `car_classify_brand` WHERE `parent_id` = 0  [ RunTime:0.0004s ]
NOTIC: [8] Undefined variable: ClassifyModel E:\xampp\htdocs\youxin\Application\Admin\Controller\ClassifyController.class.php 第 37 行.

[ 2018-03-18T16:02:54+08:00 ] 127.0.0.1 /Admin/Classify/lists
INFO: [ app_init ] --START--
INFO: Run Behavior\BuildLiteBehavior [ RunTime:0.000024s ]
INFO: [ app_init ] --END-- [ RunTime:0.000151s ]
INFO: [ app_begin ] --START--
INFO: Run Behavior\ReadHtmlCacheBehavior [ RunTime:0.001491s ]
INFO: [ app_begin ] --END-- [ RunTime:0.001673s ]
NOTIC: [8] A session had already been started - ignoring session_start() E:\xampp\htdocs\youxin\ThinkPHP\Common\functions.php 第 1263 行.
SQL: SHOW COLUMNS FROM `car_classify_brand` [ RunTime:0.0080s ]
SQL: SELECT * FROM `car_classify_brand` WHERE ( 1 ) ORDER BY id desc LIMIT 0,20   [ RunTime:0.0007s ]
INFO: [ view_parse ] --START--
INFO: [ template_filter ] --START--
INFO: Run Behavior\ContentReplaceBehavior [ RunTime:0.000094s ]
INFO: [ template_filter ] --END-- [ RunTime:0.000190s ]
INFO: Run Behavior\ParseTemplateBehavior [ RunTime:0.013675s ]
INFO: [ view_parse ] --END-- [ RunTime:0.013824s ]
INFO: [ view_filter ] --START--
INFO: Run Behavior\WriteHtmlCacheBehavior [ RunTime:0.001262s ]
INFO: [ view_filter ] --END-- [ RunTime:0.001368s ]
INFO: [ app_end ] --START--
INFO: Run Behavior\ShowPageTraceBehavior [ RunTime:0.001229s ]
INFO: [ app_end ] --END-- [ RunTime:0.001369s ]

[ 2018-03-18T16:02:55+08:00 ] 127.0.0.1 /index.php/Admin/Classify/add.html
INFO: [ app_init ] --START--
INFO: Run Behavior\BuildLiteBehavior [ RunTime:0.000023s ]
INFO: [ app_init ] --END-- [ RunTime:0.000105s ]
INFO: [ app_begin ] --START--
INFO: Run Behavior\ReadHtmlCacheBehavior [ RunTime:0.000740s ]
INFO: [ app_begin ] --END-- [ RunTime:0.000826s ]
NOTIC: [8] A session had already been started - ignoring session_start() E:\xampp\htdocs\youxin\ThinkPHP\Common\functions.php 第 1263 行.
SQL: SHOW COLUMNS FROM `car_classify_brand` [ RunTime:0.0096s ]
SQL: SELECT * FROM `car_classify_brand` WHERE `parent_id` = 0  [ RunTime:0.0011s ]
INFO: [ view_parse ] --START--
INFO: [ template_filter ] --START--
INFO: Run Behavior\ContentReplaceBehavior [ RunTime:0.000066s ]
INFO: [ template_filter ] --END-- [ RunTime:0.000149s ]
INFO: Run Behavior\ParseTemplateBehavior [ RunTime:0.009778s ]
INFO: [ view_parse ] --END-- [ RunTime:0.010051s ]
INFO: [ view_filter ] --START--
INFO: Run Behavior\WriteHtmlCacheBehavior [ RunTime:0.000655s ]
INFO: [ view_filter ] --END-- [ RunTime:0.000734s ]
INFO: [ app_end ] --START--
INFO: Run Behavior\ShowPageTraceBehavior [ RunTime:0.000903s ]
INFO: [ app_end ] --END-- [ RunTime:0.001081s ]

[ 2018-03-18T16:03:07+08:00 ] 127.0.0.1 /index.php/Admin/Classify/doAdd.html
INFO: [ app_init ] --START--
INFO: Run Behavior\BuildLiteBehavior [ RunTime:0.000011s ]
INFO: [ app_init ] --END-- [ RunTime:0.000071s ]
INFO: [ app_begin ] --START--
INFO: Run Behavior\ReadHtmlCacheBehavior [ RunTime:0.000524s ]
INFO: [ app_begin ] --END-- [ RunTime:0.000583s ]
NOTIC: [8] A session had already been started - ignoring session_start() E:\xampp\htdocs\youxin\ThinkPHP\Common\functions.php 第 1263 行.
NOTIC: [2] call_user_func() expects parameter 1 to be a valid callback, no array or string given E:\xampp\htdocs\youxin\ThinkPHP\Library\Think\Upload.class.php 第 170 行.
SQL: SHOW COLUMNS FROM `car_classify_brand` [ RunTime:0.0045s ]
SQL: INSERT INTO `car_classify_brand` (`name`,`parent_id`,`image`) VALUES ('大众','0','car_classify_brand/2018-03-18/5aae1d3b86409.png') [ RunTime:0.0691s ]
INFO: [ view_parse ] --START--
INFO: [ template_filter ] --START--
INFO: Run Behavior\ContentReplaceBehavior [ RunTime:0.000061s ]
INFO: [ template_filter ] --END-- [ RunTime:0.000134s ]
INFO: Run Behavior\ParseTemplateBehavior [ RunTime:0.011084s ]
INFO: [ view_parse ] --END-- [ RunTime:0.011155s ]
INFO: [ view_filter ] --START--
INFO: Run Behavior\WriteHtmlCacheBehavior [ RunTime:0.002684s ]
INFO: [ view_filter ] --END-- [ RunTime:0.002739s ]
INFO: [ app_end ] --START--
INFO: Run Behavior\ShowPageTraceBehavior [ RunTime:0.002134s ]
INFO: [ app_end ] --END-- [ RunTime:0.002207s ]

[ 2018-03-18T16:03:08+08:00 ] 127.0.0.1 /index.php/Admin/Classify/lists.html
INFO: [ app_init ] --START--
INFO: Run Behavior\BuildLiteBehavior [ RunTime:0.000024s ]
INFO: [ app_init ] --END-- [ RunTime:0.000123s ]
INFO: [ app_begin ] --START--
INFO: Run Behavior\ReadHtmlCacheBehavior [ RunTime:0.005897s ]
INFO: [ app_begin ] --END-- [ RunTime:0.005990s ]
NOTIC: [8] A session had already been started - ignoring session_start() E:\xampp\htdocs\youxin\ThinkPHP\Common\functions.php 第 1263 行.
SQL: SHOW COLUMNS FROM `car_classify_brand` [ RunTime:0.0059s ]
SQL: SELECT * FROM `car_classify_brand` WHERE ( 1 ) ORDER BY id desc LIMIT 0,20   [ RunTime:0.0004s ]
INFO: [ view_parse ] --START--
INFO: [ template_filter ] --START--
INFO: Run Behavior\ContentReplaceBehavior [ RunTime:0.000040s ]
INFO: [ template_filter ] --END-- [ RunTime:0.000091s ]
INFO: Run Behavior\ParseTemplateBehavior [ RunTime:0.013732s ]
INFO: [ view_parse ] --END-- [ RunTime:0.013805s ]
INFO: [ view_filter ] --START--
INFO: Run Behavior\WriteHtmlCacheBehavior [ RunTime:0.002007s ]
INFO: [ view_filter ] --END-- [ RunTime:0.002063s ]
INFO: [ app_end ] --START--
INFO: Run Behavior\ShowPageTraceBehavior [ RunTime:0.001873s ]
INFO: [ app_end ] --END-- [ RunTime:0.001913s ]

[ 2018-03-18T16:03:09+08:00 ] 127.0.0.1 /index.php/Admin/Classify/add.html
INFO: [ app_init ] --START--
INFO: Run Behavior\BuildLiteBehavior [ RunTime:0.000010s ]
INFO: [ app_init ] --END-- [ RunTime:0.000058s ]
INFO: [ app_begin ] --START--
INFO: Run Behavior\ReadHtmlCacheBehavior [ RunTime:0.001795s ]
INFO: [ app_begin ] --END-- [ RunTime:0.001856s ]
NOTIC: [8] A session had already been started - ignoring session_start() E:\xampp\htdocs\youxin\ThinkPHP\Common\functions.php 第 1263 行.
SQL: SHOW COLUMNS FROM `car_classify_brand` [ RunTime:0.0052s ]
SQL: SELECT * FROM `car_classify_brand` WHERE `parent_id` = 0  [ RunTime:0.0003s ]
INFO: [ view_parse ] --START--
INFO: [ template_filter ] --START--
INFO: Run Behavior\ContentReplaceBehavior [ RunTime:0.000056s ]
INFO: [ template_filter ] --END-- [ RunTime:0.000129s ]
INFO: Run Behavior\ParseTemplateBehavior [ RunTime:0.012220s ]
INFO: [ view_parse ] --END-- [ RunTime:0.012311s ]
INFO: [ view_filter ] --START--
INFO: Run Behavior\WriteHtmlCacheBehavior [ RunTime:0.002788s ]
INFO: [ view_filter ] --END-- [ RunTime:0.002855s ]
INFO: [ app_end ] --START--
INFO: Run Behavior\ShowPageTraceBehavior [ RunTime:0.002687s ]
INFO: [ app_end ] --END-- [ RunTime:0.002757s ]

[ 2018-03-18T16:03:22+08:00 ] 127.0.0.1 /index.php/Admin/Classify/doAdd.html
INFO: [ app_init ] --START--
INFO: Run Behavior\BuildLiteBehavior [ RunTime:0.000013s ]
INFO: [ app_init ] --END-- [ RunTime:0.000063s ]
INFO: [ app_begin ] --START--
INFO: Run Behavior\ReadHtmlCacheBehavior [ RunTime:0.002501s ]
INFO: [ app_begin ] --END-- [ RunTime:0.002595s ]
NOTIC: [8] A session had already been started - ignoring session_start() E:\xampp\htdocs\youxin\ThinkPHP\Common\functions.php 第 1263 行.
NOTIC: [2] call_user_func() expects parameter 1 to be a valid callback, no array or string given E:\xampp\htdocs\youxin\ThinkPHP\Library\Think\Upload.class.php 第 170 行.
SQL: SHOW COLUMNS FROM `car_classify_brand` [ RunTime:0.0051s ]
SQL: INSERT INTO `car_classify_brand` (`name`,`parent_id`,`image`) VALUES ('本田','0','car_classify_brand/2018-03-18/5aae1d4a9265a.png') [ RunTime:0.0622s ]
INFO: [ view_parse ] --START--
INFO: [ template_filter ] --START--
INFO: Run Behavior\ContentReplaceBehavior [ RunTime:0.000045s ]
INFO: [ template_filter ] --END-- [ RunTime:0.000089s ]
INFO: Run Behavior\ParseTemplateBehavior [ RunTime:0.011553s ]
INFO: [ view_parse ] --END-- [ RunTime:0.011705s ]
INFO: [ view_filter ] --START--
INFO: Run Behavior\WriteHtmlCacheBehavior [ RunTime:0.001951s ]
INFO: [ view_filter ] --END-- [ RunTime:0.002007s ]
INFO: [ app_end ] --START--
INFO: Run Behavior\ShowPageTraceBehavior [ RunTime:0.001751s ]
INFO: [ app_end ] --END-- [ RunTime:0.001788s ]

[ 2018-03-18T16:03:23+08:00 ] 127.0.0.1 /index.php/Admin/Classify/lists.html
INFO: [ app_init ] --START--
INFO: Run Behavior\BuildLiteBehavior [ RunTime:0.000010s ]
INFO: [ app_init ] --END-- [ RunTime:0.000058s ]
INFO: [ app_begin ] --START--
INFO: Run Behavior\ReadHtmlCacheBehavior [ RunTime:0.001733s ]
INFO: [ app_begin ] --END-- [ RunTime:0.001806s ]
NOTIC: [8] A session had already been started - ignoring session_start() E:\xampp\htdocs\youxin\ThinkPHP\Common\functions.php 第 1263 行.
SQL: SHOW COLUMNS FROM `car_classify_brand` [ RunTime:0.0053s ]
SQL: SELECT * FROM `car_classify_brand` WHERE ( 1 ) ORDER BY id desc LIMIT 0,20   [ RunTime:0.0006s ]
INFO: [ view_parse ] --START--
INFO: [ template_filter ] --START--
INFO: Run Behavior\ContentReplaceBehavior [ RunTime:0.000067s ]
INFO: [ template_filter ] --END-- [ RunTime:0.000145s ]
INFO: Run Behavior\ParseTemplateBehavior [ RunTime:0.017647s ]
INFO: [ view_parse ] --END-- [ RunTime:0.017835s ]
INFO: [ view_filter ] --START--
INFO: Run Behavior\WriteHtmlCacheBehavior [ RunTime:0.001911s ]
INFO: [ view_filter ] --END-- [ RunTime:0.001961s ]
INFO: [ app_end ] --START--
INFO: Run Behavior\ShowPageTraceBehavior [ RunTime:0.001941s ]
INFO: [ app_end ] --END-- [ RunTime:0.001991s ]

[ 2018-03-18T16:03:25+08:00 ] 127.0.0.1 /index.php/Admin/Classify/add.html
INFO: [ app_init ] --START--
INFO: Run Behavior\BuildLiteBehavior [ RunTime:0.000106s ]
INFO: [ app_init ] --END-- [ RunTime:0.000624s ]
INFO: [ app_begin ] --START--
INFO: Run Behavior\ReadHtmlCacheBehavior [ RunTime:0.001043s ]
INFO: [ app_begin ] --END-- [ RunTime:0.001125s ]
NOTIC: [8] A session had already been started - ignoring session_start() E:\xampp\htdocs\youxin\ThinkPHP\Common\functions.php 第 1263 行.
SQL: SHOW COLUMNS FROM `car_classify_brand` [ RunTime:0.0063s ]
SQL: SELECT * FROM `car_classify_brand` WHERE `parent_id` = 0  [ RunTime:0.0003s ]
INFO: [ view_parse ] --START--
INFO: [ template_filter ] --START--
INFO: Run Behavior\ContentReplaceBehavior [ RunTime:0.000057s ]
INFO: [ template_filter ] --END-- [ RunTime:0.000141s ]
INFO: Run Behavior\ParseTemplateBehavior [ RunTime:0.008132s ]
INFO: [ view_parse ] --END-- [ RunTime:0.008211s ]
INFO: [ view_filter ] --START--
INFO: Run Behavior\WriteHtmlCacheBehavior [ RunTime:0.000945s ]
INFO: [ view_filter ] --END-- [ RunTime:0.001019s ]
INFO: [ app_end ] --START--
INFO: Run Behavior\ShowPageTraceBehavior [ RunTime:0.001113s ]
INFO: [ app_end ] --END-- [ RunTime:0.001194s ]

[ 2018-03-18T16:03:34+08:00 ] 127.0.0.1 /index.php/Admin/Classify/doAdd.html
INFO: [ app_init ] --START--
INFO: Run Behavior\BuildLiteBehavior [ RunTime:0.000011s ]
INFO: [ app_init ] --END-- [ RunTime:0.000061s ]
INFO: [ app_begin ] --START--
INFO: Run Behavior\ReadHtmlCacheBehavior [ RunTime:0.000566s ]
INFO: [ app_begin ] --END-- [ RunTime:0.000629s ]
NOTIC: [8] A session had already been started - ignoring session_start() E:\xampp\htdocs\youxin\ThinkPHP\Common\functions.php 第 1263 行.
NOTIC: [2] call_user_func() expects parameter 1 to be a valid callback, no array or string given E:\xampp\htdocs\youxin\ThinkPHP\Library\Think\Upload.class.php 第 170 行.
SQL: SHOW COLUMNS FROM `car_classify_brand` [ RunTime:0.0062s ]
SQL: INSERT INTO `car_classify_brand` (`name`,`parent_id`,`image`) VALUES ('奔驰','0','car_classify_brand/2018-03-18/5aae1d55e727d.png') [ RunTime:0.1350s ]
INFO: [ view_parse ] --START--
INFO: [ template_filter ] --START--
INFO: Run Behavior\ContentReplaceBehavior [ RunTime:0.000055s ]
INFO: [ template_filter ] --END-- [ RunTime:0.000106s ]
INFO: Run Behavior\ParseTemplateBehavior [ RunTime:0.017299s ]
INFO: [ view_parse ] --END-- [ RunTime:0.017478s ]
INFO: [ view_filter ] --START--
INFO: Run Behavior\WriteHtmlCacheBehavior [ RunTime:0.003010s ]
INFO: [ view_filter ] --END-- [ RunTime:0.003099s ]
INFO: [ app_end ] --START--
INFO: Run Behavior\ShowPageTraceBehavior [ RunTime:0.003063s ]
INFO: [ app_end ] --END-- [ RunTime:0.003141s ]

[ 2018-03-18T16:03:35+08:00 ] 127.0.0.1 /index.php/Admin/Classify/lists.html
INFO: [ app_init ] --START--
INFO: Run Behavior\BuildLiteBehavior [ RunTime:0.000021s ]
INFO: [ app_init ] --END-- [ RunTime:0.000095s ]
INFO: [ app_begin ] --START--
INFO: Run Behavior\ReadHtmlCacheBehavior [ RunTime:0.002775s ]
INFO: [ app_begin ] --END-- [ RunTime:0.002839s ]
NOTIC: [8] A session had already been started - ignoring session_start() E:\xampp\htdocs\youxin\ThinkPHP\Common\functions.php 第 1263 行.
SQL: SHOW COLUMNS FROM `car_classify_brand` [ RunTime:0.0055s ]
SQL: SELECT * FROM `car_classify_brand` WHERE ( 1 ) ORDER BY id desc LIMIT 0,20   [ RunTime:0.0006s ]
INFO: [ view_parse ] --START--
INFO: [ template_filter ] --START--
INFO: Run Behavior\ContentReplaceBehavior [ RunTime:0.000045s ]
INFO: [ template_filter ] --END-- [ RunTime:0.000099s ]
INFO: Run Behavior\ParseTemplateBehavior [ RunTime:0.020350s ]
INFO: [ view_parse ] --END-- [ RunTime:0.020433s ]
INFO: [ view_filter ] --START--
INFO: Run Behavior\WriteHtmlCacheBehavior [ RunTime:0.003140s ]
INFO: [ view_filter ] --END-- [ RunTime:0.003188s ]
INFO: [ app_end ] --START--
INFO: Run Behavior\ShowPageTraceBehavior [ RunTime:0.003280s ]
INFO: [ app_end ] --END-- [ RunTime:0.003335s ]

[ 2018-03-18T16:03:36+08:00 ] 127.0.0.1 /index.php/Admin/Classify/add.html
INFO: [ app_init ] --START--
INFO: Run Behavior\BuildLiteBehavior [ RunTime:0.000023s ]
INFO: [ app_init ] --END-- [ RunTime:0.000171s ]
INFO: [ app_begin ] --START--
INFO: Run Behavior\ReadHtmlCacheBehavior [ RunTime:0.001710s ]
INFO: [ app_begin ] --END-- [ RunTime:0.001837s ]
NOTIC: [8] A session had already been started - ignoring session_start() E:\xampp\htdocs\youxin\ThinkPHP\Common\functions.php 第 1263 行.
SQL: SHOW COLUMNS FROM `car_classify_brand` [ RunTime:0.0061s ]
SQL: SELECT * FROM `car_classify_brand` WHERE `parent_id` = 0  [ RunTime:0.0005s ]
INFO: [ view_parse ] --START--
INFO: [ template_filter ] --START--
INFO: Run Behavior\ContentReplaceBehavior [ RunTime:0.000065s ]
INFO: [ template_filter ] --END-- [ RunTime:0.000148s ]
INFO: Run Behavior\ParseTemplateBehavior [ RunTime:0.012725s ]
INFO: [ view_parse ] --END-- [ RunTime:0.012828s ]
INFO: [ view_filter ] --START--
INFO: Run Behavior\WriteHtmlCacheBehavior [ RunTime:0.000956s ]
INFO: [ view_filter ] --END-- [ RunTime:0.001031s ]
INFO: [ app_end ] --START--
INFO: Run Behavior\ShowPageTraceBehavior [ RunTime:0.001346s ]
INFO: [ app_end ] --END-- [ RunTime:0.001445s ]

[ 2018-03-18T16:03:50+08:00 ] 127.0.0.1 /index.php/Admin/Classify/doAdd.html
INFO: [ app_init ] --START--
INFO: Run Behavior\BuildLiteBehavior [ RunTime:0.000014s ]
INFO: [ app_init ] --END-- [ RunTime:0.000083s ]
INFO: [ app_begin ] --START--
INFO: Run Behavior\ReadHtmlCacheBehavior [ RunTime:0.000566s ]
INFO: [ app_begin ] --END-- [ RunTime:0.000635s ]
NOTIC: [8] A session had already been started - ignoring session_start() E:\xampp\htdocs\youxin\ThinkPHP\Common\functions.php 第 1263 行.
NOTIC: [2] call_user_func() expects parameter 1 to be a valid callback, no array or string given E:\xampp\htdocs\youxin\ThinkPHP\Library\Think\Upload.class.php 第 170 行.
SQL: SHOW COLUMNS FROM `car_classify_brand` [ RunTime:0.0043s ]
SQL: INSERT INTO `car_classify_brand` (`name`,`parent_id`,`image`) VALUES ('尼桑天籁','0','car_classify_brand/2018-03-18/5aae1d65f15f4.png') [ RunTime:0.0690s ]
INFO: [ view_parse ] --START--
INFO: [ template_filter ] --START--
INFO: Run Behavior\ContentReplaceBehavior [ RunTime:0.000041s ]
INFO: [ template_filter ] --END-- [ RunTime:0.000086s ]
INFO: Run Behavior\ParseTemplateBehavior [ RunTime:0.013321s ]
INFO: [ view_parse ] --END-- [ RunTime:0.013404s ]
INFO: [ view_filter ] --START--
INFO: Run Behavior\WriteHtmlCacheBehavior [ RunTime:0.002501s ]
INFO: [ view_filter ] --END-- [ RunTime:0.002578s ]
INFO: [ app_end ] --START--
INFO: Run Behavior\ShowPageTraceBehavior [ RunTime:0.002968s ]
INFO: [ app_end ] --END-- [ RunTime:0.003041s ]

[ 2018-03-18T16:03:51+08:00 ] 127.0.0.1 /index.php/Admin/Classify/lists.html
INFO: [ app_init ] --START--
INFO: Run Behavior\BuildLiteBehavior [ RunTime:0.000011s ]
INFO: [ app_init ] --END-- [ RunTime:0.000058s ]
INFO: [ app_begin ] --START--
INFO: Run Behavior\ReadHtmlCacheBehavior [ RunTime:0.002779s ]
INFO: [ app_begin ] --END-- [ RunTime:0.002856s ]
NOTIC: [8] A session had already been started - ignoring session_start() E:\xampp\htdocs\youxin\ThinkPHP\Common\functions.php 第 1263 行.
SQL: SHOW COLUMNS FROM `car_classify_brand` [ RunTime:0.0052s ]
SQL: SELECT * FROM `car_classify_brand` WHERE ( 1 ) ORDER BY id desc LIMIT 0,20   [ RunTime:0.0004s ]
INFO: [ view_parse ] --START--
INFO: [ template_filter ] --START--
INFO: Run Behavior\ContentReplaceBehavior [ RunTime:0.000044s ]
INFO: [ template_filter ] --END-- [ RunTime:0.000098s ]
INFO: Run Behavior\ParseTemplateBehavior [ RunTime:0.015672s ]
INFO: [ view_parse ] --END-- [ RunTime:0.015748s ]
INFO: [ view_filter ] --START--
INFO: Run Behavior\WriteHtmlCacheBehavior [ RunTime:0.002465s ]
INFO: [ view_filter ] --END-- [ RunTime:0.002510s ]
INFO: [ app_end ] --START--
INFO: Run Behavior\ShowPageTraceBehavior [ RunTime:0.004513s ]
INFO: [ app_end ] --END-- [ RunTime:0.004603s ]

[ 2018-03-18T16:04:17+08:00 ] 127.0.0.1 /index.php/Admin/Classify/lists.html
INFO: [ app_init ] --START--
INFO: Run Behavior\BuildLiteBehavior [ RunTime:0.000015s ]
INFO: [ app_init ] --END-- [ RunTime:0.000079s ]
INFO: [ app_begin ] --START--
INFO: Run Behavior\ReadHtmlCacheBehavior [ RunTime:0.003707s ]
INFO: [ app_begin ] --END-- [ RunTime:0.003803s ]
NOTIC: [8] A session had already been started - ignoring session_start() E:\xampp\htdocs\youxin\ThinkPHP\Common\functions.php 第 1263 行.
SQL: SHOW COLUMNS FROM `car_classify_brand` [ RunTime:0.0503s ]
SQL: SELECT * FROM `car_classify_brand` WHERE ( 1 ) ORDER BY id desc LIMIT 0,20   [ RunTime:0.0004s ]
INFO: [ view_parse ] --START--
INFO: [ template_filter ] --START--
INFO: Run Behavior\ContentReplaceBehavior [ RunTime:0.000059s ]
INFO: [ template_filter ] --END-- [ RunTime:0.000132s ]
INFO: Run Behavior\ParseTemplateBehavior [ RunTime:0.026174s ]
INFO: [ view_parse ] --END-- [ RunTime:0.026503s ]
INFO: [ view_filter ] --START--
INFO: Run Behavior\WriteHtmlCacheBehavior [ RunTime:0.005568s ]
INFO: [ view_filter ] --END-- [ RunTime:0.005672s ]
INFO: [ app_end ] --START--
INFO: Run Behavior\ShowPageTraceBehavior [ RunTime:0.003897s ]
INFO: [ app_end ] --END-- [ RunTime:0.003965s ]

[ 2018-03-18T16:04:18+08:00 ] 127.0.0.1 /index.php/Admin/Classify/add.html
INFO: [ app_init ] --START--
INFO: Run Behavior\BuildLiteBehavior [ RunTime:0.000027s ]
INFO: [ app_init ] --END-- [ RunTime:0.000118s ]
INFO: [ app_begin ] --START--
INFO: Run Behavior\ReadHtmlCacheBehavior [ RunTime:0.004574s ]
INFO: [ app_begin ] --END-- [ RunTime:0.004642s ]
NOTIC: [8] A session had already been started - ignoring session_start() E:\xampp\htdocs\youxin\ThinkPHP\Common\functions.php 第 1263 行.
SQL: SHOW COLUMNS FROM `car_classify_brand` [ RunTime:0.0052s ]
SQL: SELECT * FROM `car_classify_brand` WHERE `parent_id` = 0  [ RunTime:0.0005s ]
INFO: [ view_parse ] --START--
INFO: [ template_filter ] --START--
INFO: Run Behavior\ContentReplaceBehavior [ RunTime:0.000050s ]
INFO: [ template_filter ] --END-- [ RunTime:0.000122s ]
INFO: Run Behavior\ParseTemplateBehavior [ RunTime:0.016121s ]
INFO: [ view_parse ] --END-- [ RunTime:0.016180s ]
INFO: [ view_filter ] --START--
INFO: Run Behavior\WriteHtmlCacheBehavior [ RunTime:0.002542s ]
INFO: [ view_filter ] --END-- [ RunTime:0.002590s ]
INFO: [ app_end ] --START--
INFO: Run Behavior\ShowPageTraceBehavior [ RunTime:0.002436s ]
INFO: [ app_end ] --END-- [ RunTime:0.002512s ]

[ 2018-03-18T16:04:29+08:00 ] 127.0.0.1 /index.php/Admin/Classify/doAdd.html
INFO: [ app_init ] --START--
INFO: Run Behavior\BuildLiteBehavior [ RunTime:0.000012s ]
INFO: [ app_init ] --END-- [ RunTime:0.000066s ]
INFO: [ app_begin ] --START--
INFO: Run Behavior\ReadHtmlCacheBehavior [ RunTime:0.002479s ]
INFO: [ app_begin ] --END-- [ RunTime:0.002547s ]
NOTIC: [8] A session had already been started - ignoring session_start() E:\xampp\htdocs\youxin\ThinkPHP\Common\functions.php 第 1263 行.
NOTIC: [2] call_user_func() expects parameter 1 to be a valid callback, no array or string given E:\xampp\htdocs\youxin\ThinkPHP\Library\Think\Upload.class.php 第 170 行.
SQL: SHOW COLUMNS FROM `car_classify_brand` [ RunTime:0.0047s ]
SQL: INSERT INTO `car_classify_brand` (`name`,`parent_id`,`image`) VALUES ('奥迪','0','car_classify_brand/2018-03-18/5aae1d8cdab3c.png') [ RunTime:0.0599s ]
INFO: [ view_parse ] --START--
INFO: [ template_filter ] --START--
INFO: Run Behavior\ContentReplaceBehavior [ RunTime:0.000043s ]
INFO: [ template_filter ] --END-- [ RunTime:0.000088s ]
INFO: Run Behavior\ParseTemplateBehavior [ RunTime:0.014364s ]
INFO: [ view_parse ] --END-- [ RunTime:0.014421s ]
INFO: [ view_filter ] --START--
INFO: Run Behavior\WriteHtmlCacheBehavior [ RunTime:0.002253s ]
INFO: [ view_filter ] --END-- [ RunTime:0.002292s ]
INFO: [ app_end ] --START--
INFO: Run Behavior\ShowPageTraceBehavior [ RunTime:0.002578s ]
INFO: [ app_end ] --END-- [ RunTime:0.002652s ]

[ 2018-03-18T16:04:30+08:00 ] 127.0.0.1 /index.php/Admin/Classify/lists.html
INFO: [ app_init ] --START--
INFO: Run Behavior\BuildLiteBehavior [ RunTime:0.000012s ]
INFO: [ app_init ] --END-- [ RunTime:0.000064s ]
INFO: [ app_begin ] --START--
INFO: Run Behavior\ReadHtmlCacheBehavior [ RunTime:0.006306s ]
INFO: [ app_begin ] --END-- [ RunTime:0.006405s ]
NOTIC: [8] A session had already been started - ignoring session_start() E:\xampp\htdocs\youxin\ThinkPHP\Common\functions.php 第 1263 行.
SQL: SHOW COLUMNS FROM `car_classify_brand` [ RunTime:0.0047s ]
SQL: SELECT * FROM `car_classify_brand` WHERE ( 1 ) ORDER BY id desc LIMIT 0,20   [ RunTime:0.0009s ]
INFO: [ view_parse ] --START--
INFO: [ template_filter ] --START--
INFO: Run Behavior\ContentReplaceBehavior [ RunTime:0.000044s ]
INFO: [ template_filter ] --END-- [ RunTime:0.000100s ]
INFO: Run Behavior\ParseTemplateBehavior [ RunTime:0.019317s ]
INFO: [ view_parse ] --END-- [ RunTime:0.019427s ]
INFO: [ view_filter ] --START--
INFO: Run Behavior\WriteHtmlCacheBehavior [ RunTime:0.003568s ]
INFO: [ view_filter ] --END-- [ RunTime:0.003629s ]
INFO: [ app_end ] --START--
INFO: Run Behavior\ShowPageTraceBehavior [ RunTime:0.003003s ]
INFO: [ app_end ] --END-- [ RunTime:0.003063s ]

[ 2018-03-18T16:04:32+08:00 ] 127.0.0.1 /index.php/Admin/Classify/add.html
INFO: [ app_init ] --START--
INFO: Run Behavior\BuildLiteBehavior [ RunTime:0.000016s ]
INFO: [ app_init ] --END-- [ RunTime:0.000086s ]
INFO: [ app_begin ] --START--
INFO: Run Behavior\ReadHtmlCacheBehavior [ RunTime:0.002755s ]
INFO: [ app_begin ] --END-- [ RunTime:0.002852s ]
NOTIC: [8] A session had already been started - ignoring session_start() E:\xampp\htdocs\youxin\ThinkPHP\Common\functions.php 第 1263 行.
SQL: SHOW COLUMNS FROM `car_classify_brand` [ RunTime:0.0048s ]
SQL: SELECT * FROM `car_classify_brand` WHERE `parent_id` = 0  [ RunTime:0.0004s ]
INFO: [ view_parse ] --START--
INFO: [ template_filter ] --START--
INFO: Run Behavior\ContentReplaceBehavior [ RunTime:0.000060s ]
INFO: [ template_filter ] --END-- [ RunTime:0.000134s ]
INFO: Run Behavior\ParseTemplateBehavior [ RunTime:0.008829s ]
INFO: [ view_parse ] --END-- [ RunTime:0.008946s ]
INFO: [ view_filter ] --START--
INFO: Run Behavior\WriteHtmlCacheBehavior [ RunTime:0.001822s ]
INFO: [ view_filter ] --END-- [ RunTime:0.001899s ]
INFO: [ app_end ] --START--
INFO: Run Behavior\ShowPageTraceBehavior [ RunTime:0.001304s ]
INFO: [ app_end ] --END-- [ RunTime:0.001381s ]

[ 2018-03-18T16:04:45+08:00 ] 127.0.0.1 /index.php/Admin/Classify/doAdd.html
INFO: [ app_init ] --START--
INFO: Run Behavior\BuildLiteBehavior [ RunTime:0.000020s ]
INFO: [ app_init ] --END-- [ RunTime:0.000109s ]
INFO: [ app_begin ] --START--
INFO: Run Behavior\ReadHtmlCacheBehavior [ RunTime:0.000761s ]
INFO: [ app_begin ] --END-- [ RunTime:0.000840s ]
NOTIC: [8] A session had already been started - ignoring session_start() E:\xampp\htdocs\youxin\ThinkPHP\Common\functions.php 第 1263 行.
NOTIC: [2] call_user_func() expects parameter 1 to be a valid callback, no array or string given E:\xampp\htdocs\youxin\ThinkPHP\Library\Think\Upload.class.php 第 170 行.
SQL: SHOW COLUMNS FROM `car_classify_brand` [ RunTime:0.0055s ]
SQL: INSERT INTO `car_classify_brand` (`name`,`parent_id`,`image`) VALUES ('丰田','0','car_classify_brand/2018-03-18/5aae1d9d96159.png') [ RunTime:0.0620s ]
INFO: [ view_parse ] --START--
INFO: [ template_filter ] --START--
INFO: Run Behavior\ContentReplaceBehavior [ RunTime:0.000043s ]
INFO: [ template_filter ] --END-- [ RunTime:0.000090s ]
INFO: Run Behavior\ParseTemplateBehavior [ RunTime:0.013704s ]
INFO: [ view_parse ] --END-- [ RunTime:0.013793s ]
INFO: [ view_filter ] --START--
INFO: Run Behavior\WriteHtmlCacheBehavior [ RunTime:0.002144s ]
INFO: [ view_filter ] --END-- [ RunTime:0.002199s ]
INFO: [ app_end ] --START--
INFO: Run Behavior\ShowPageTraceBehavior [ RunTime:0.002169s ]
INFO: [ app_end ] --END-- [ RunTime:0.002213s ]

[ 2018-03-18T16:04:46+08:00 ] 127.0.0.1 /index.php/Admin/Classify/lists.html
INFO: [ app_init ] --START--
INFO: Run Behavior\BuildLiteBehavior [ RunTime:0.000023s ]
INFO: [ app_init ] --END-- [ RunTime:0.000109s ]
INFO: [ app_begin ] --START--
INFO: Run Behavior\ReadHtmlCacheBehavior [ RunTime:0.004913s ]
INFO: [ app_begin ] --END-- [ RunTime:0.005054s ]
NOTIC: [8] A session had already been started - ignoring session_start() E:\xampp\htdocs\youxin\ThinkPHP\Common\functions.php 第 1263 行.
SQL: SHOW COLUMNS FROM `car_classify_brand` [ RunTime:0.0062s ]
SQL: SELECT * FROM `car_classify_brand` WHERE ( 1 ) ORDER BY id desc LIMIT 0,20   [ RunTime:0.0003s ]
INFO: [ view_parse ] --START--
INFO: [ template_filter ] --START--
INFO: Run Behavior\ContentReplaceBehavior [ RunTime:0.000043s ]
INFO: [ template_filter ] --END-- [ RunTime:0.000093s ]
INFO: Run Behavior\ParseTemplateBehavior [ RunTime:0.012377s ]
INFO: [ view_parse ] --END-- [ RunTime:0.012452s ]
INFO: [ view_filter ] --START--
INFO: Run Behavior\WriteHtmlCacheBehavior [ RunTime:0.001865s ]
INFO: [ view_filter ] --END-- [ RunTime:0.001921s ]
INFO: [ app_end ] --START--
INFO: Run Behavior\ShowPageTraceBehavior [ RunTime:0.001853s ]
INFO: [ app_end ] --END-- [ RunTime:0.001903s ]

[ 2018-03-18T16:04:48+08:00 ] 127.0.0.1 /index.php/Admin/Classify/add.html
INFO: [ app_init ] --START--
INFO: Run Behavior\BuildLiteBehavior [ RunTime:0.000018s ]
INFO: [ app_init ] --END-- [ RunTime:0.000094s ]
INFO: [ app_begin ] --START--
INFO: Run Behavior\ReadHtmlCacheBehavior [ RunTime:0.005225s ]
INFO: [ app_begin ] --END-- [ RunTime:0.005304s ]
NOTIC: [8] A session had already been started - ignoring session_start() E:\xampp\htdocs\youxin\ThinkPHP\Common\functions.php 第 1263 行.
SQL: SHOW COLUMNS FROM `car_classify_brand` [ RunTime:0.0060s ]
SQL: SELECT * FROM `car_classify_brand` WHERE `parent_id` = 0  [ RunTime:0.0005s ]
INFO: [ view_parse ] --START--
INFO: [ template_filter ] --START--
INFO: Run Behavior\ContentReplaceBehavior [ RunTime:0.000066s ]
INFO: [ template_filter ] --END-- [ RunTime:0.000149s ]
INFO: Run Behavior\ParseTemplateBehavior [ RunTime:0.018524s ]
INFO: [ view_parse ] --END-- [ RunTime:0.018645s ]
INFO: [ view_filter ] --START--
INFO: Run Behavior\WriteHtmlCacheBehavior [ RunTime:0.003564s ]
INFO: [ view_filter ] --END-- [ RunTime:0.003637s ]
INFO: [ app_end ] --START--
INFO: Run Behavior\ShowPageTraceBehavior [ RunTime:0.004280s ]
INFO: [ app_end ] --END-- [ RunTime:0.004361s ]

[ 2018-03-18T16:05:03+08:00 ] 127.0.0.1 /index.php/Admin/Classify/doAdd.html
INFO: [ app_init ] --START--
INFO: Run Behavior\BuildLiteBehavior [ RunTime:0.000017s ]
INFO: [ app_init ] --END-- [ RunTime:0.000096s ]
INFO: [ app_begin ] --START--
INFO: Run Behavior\ReadHtmlCacheBehavior [ RunTime:0.003846s ]
INFO: [ app_begin ] --END-- [ RunTime:0.003944s ]
NOTIC: [8] A session had already been started - ignoring session_start() E:\xampp\htdocs\youxin\ThinkPHP\Common\functions.php 第 1263 行.
SQL: SHOW COLUMNS FROM `car_classify_brand` [ RunTime:0.0136s ]
SQL: INSERT INTO `car_classify_brand` (`name`,`parent_id`,`image`) VALUES ('宝马','0','') [ RunTime:0.1487s ]
INFO: [ view_parse ] --START--
INFO: [ template_filter ] --START--
INFO: Run Behavior\ContentReplaceBehavior [ RunTime:0.000039s ]
INFO: [ template_filter ] --END-- [ RunTime:0.000083s ]
INFO: Run Behavior\ParseTemplateBehavior [ RunTime:0.013791s ]
INFO: [ view_parse ] --END-- [ RunTime:0.013858s ]
INFO: [ view_filter ] --START--
INFO: Run Behavior\WriteHtmlCacheBehavior [ RunTime:0.002668s ]
INFO: [ view_filter ] --END-- [ RunTime:0.002711s ]
INFO: [ app_end ] --START--
INFO: Run Behavior\ShowPageTraceBehavior [ RunTime:0.004880s ]
INFO: [ app_end ] --END-- [ RunTime:0.004950s ]

[ 2018-03-18T16:05:04+08:00 ] 127.0.0.1 /index.php/Admin/Classify/lists.html
INFO: [ app_init ] --START--
INFO: Run Behavior\BuildLiteBehavior [ RunTime:0.000012s ]
INFO: [ app_init ] --END-- [ RunTime:0.000063s ]
INFO: [ app_begin ] --START--
INFO: Run Behavior\ReadHtmlCacheBehavior [ RunTime:0.003785s ]
INFO: [ app_begin ] --END-- [ RunTime:0.003875s ]
NOTIC: [8] A session had already been started - ignoring session_start() E:\xampp\htdocs\youxin\ThinkPHP\Common\functions.php 第 1263 行.
SQL: SHOW COLUMNS FROM `car_classify_brand` [ RunTime:0.0055s ]
SQL: SELECT * FROM `car_classify_brand` WHERE ( 1 ) ORDER BY id desc LIMIT 0,20   [ RunTime:0.0003s ]
INFO: [ view_parse ] --START--
INFO: [ template_filter ] --START--
INFO: Run Behavior\ContentReplaceBehavior [ RunTime:0.000040s ]
INFO: [ template_filter ] --END-- [ RunTime:0.000093s ]
INFO: Run Behavior\ParseTemplateBehavior [ RunTime:0.015383s ]
INFO: [ view_parse ] --END-- [ RunTime:0.015454s ]
INFO: [ view_filter ] --START--
INFO: Run Behavior\WriteHtmlCacheBehavior [ RunTime:0.002453s ]
INFO: [ view_filter ] --END-- [ RunTime:0.002507s ]
INFO: [ app_end ] --START--
INFO: Run Behavior\ShowPageTraceBehavior [ RunTime:0.002381s ]
INFO: [ app_end ] --END-- [ RunTime:0.002419s ]

[ 2018-03-18T16:05:36+08:00 ] 127.0.0.1 /index.php/Admin/Classify/add.html
INFO: [ app_init ] --START--
INFO: Run Behavior\BuildLiteBehavior [ RunTime:0.000025s ]
INFO: [ app_init ] --END-- [ RunTime:0.000201s ]
INFO: [ app_begin ] --START--
INFO: Run Behavior\ReadHtmlCacheBehavior [ RunTime:0.002463s ]
INFO: [ app_begin ] --END-- [ RunTime:0.002529s ]
NOTIC: [8] A session had already been started - ignoring session_start() E:\xampp\htdocs\youxin\ThinkPHP\Common\functions.php 第 1263 行.
SQL: SHOW COLUMNS FROM `car_classify_brand` [ RunTime:0.0047s ]
SQL: SELECT * FROM `car_classify_brand` WHERE `parent_id` = 0  [ RunTime:0.0007s ]
INFO: [ view_parse ] --START--
INFO: [ template_filter ] --START--
INFO: Run Behavior\ContentReplaceBehavior [ RunTime:0.000041s ]
INFO: [ template_filter ] --END-- [ RunTime:0.000090s ]
INFO: Run Behavior\ParseTemplateBehavior [ RunTime:0.012562s ]
INFO: [ view_parse ] --END-- [ RunTime:0.012644s ]
INFO: [ view_filter ] --START--
INFO: Run Behavior\WriteHtmlCacheBehavior [ RunTime:0.003304s ]
INFO: [ view_filter ] --END-- [ RunTime:0.003349s ]
INFO: [ app_end ] --START--
INFO: Run Behavior\ShowPageTraceBehavior [ RunTime:0.003485s ]
INFO: [ app_end ] --END-- [ RunTime:0.003540s ]

[ 2018-03-18T16:05:50+08:00 ] 127.0.0.1 /index.php/Admin/Classify/doAdd.html
INFO: [ app_init ] --START--
INFO: Run Behavior\BuildLiteBehavior [ RunTime:0.000010s ]
INFO: [ app_init ] --END-- [ RunTime:0.000058s ]
INFO: [ app_begin ] --START--
INFO: Run Behavior\ReadHtmlCacheBehavior [ RunTime:0.001208s ]
INFO: [ app_begin ] --END-- [ RunTime:0.001279s ]
NOTIC: [8] A session had already been started - ignoring session_start() E:\xampp\htdocs\youxin\ThinkPHP\Common\functions.php 第 1263 行.
NOTIC: [2] call_user_func() expects parameter 1 to be a valid callback, no array or string given E:\xampp\htdocs\youxin\ThinkPHP\Library\Think\Upload.class.php 第 170 行.
SQL: SHOW COLUMNS FROM `car_classify_brand` [ RunTime:0.0050s ]
SQL: INSERT INTO `car_classify_brand` (`name`,`parent_id`,`image`) VALUES ('福特','0','car_classify_brand/2018-03-18/5aae1dde3ca29.png') [ RunTime:0.3012s ]
INFO: [ view_parse ] --START--
INFO: [ template_filter ] --START--
INFO: Run Behavior\ContentReplaceBehavior [ RunTime:0.000248s ]
INFO: [ template_filter ] --END-- [ RunTime:0.000472s ]
INFO: Run Behavior\ParseTemplateBehavior [ RunTime:0.025624s ]
INFO: [ view_parse ] --END-- [ RunTime:0.025805s ]
INFO: [ view_filter ] --START--
INFO: Run Behavior\WriteHtmlCacheBehavior [ RunTime:0.002226s ]
INFO: [ view_filter ] --END-- [ RunTime:0.002307s ]
INFO: [ app_end ] --START--
INFO: Run Behavior\ShowPageTraceBehavior [ RunTime:0.001808s ]
INFO: [ app_end ] --END-- [ RunTime:0.001872s ]

[ 2018-03-18T16:05:51+08:00 ] 127.0.0.1 /index.php/Admin/Classify/lists.html
INFO: [ app_init ] --START--
INFO: Run Behavior\BuildLiteBehavior [ RunTime:0.000014s ]
INFO: [ app_init ] --END-- [ RunTime:0.000094s ]
INFO: [ app_begin ] --START--
INFO: Run Behavior\ReadHtmlCacheBehavior [ RunTime:0.002893s ]
INFO: [ app_begin ] --END-- [ RunTime:0.003051s ]
NOTIC: [8] A session had already been started - ignoring session_start() E:\xampp\htdocs\youxin\ThinkPHP\Common\functions.php 第 1263 行.
SQL: SHOW COLUMNS FROM `car_classify_brand` [ RunTime:0.0048s ]
SQL: SELECT * FROM `car_classify_brand` WHERE ( 1 ) ORDER BY id desc LIMIT 0,20   [ RunTime:0.0004s ]
INFO: [ view_parse ] --START--
INFO: [ template_filter ] --START--
INFO: Run Behavior\ContentReplaceBehavior [ RunTime:0.000048s ]
INFO: [ template_filter ] --END-- [ RunTime:0.000116s ]
INFO: Run Behavior\ParseTemplateBehavior [ RunTime:0.011769s ]
INFO: [ view_parse ] --END-- [ RunTime:0.011852s ]
INFO: [ view_filter ] --START--
INFO: Run Behavior\WriteHtmlCacheBehavior [ RunTime:0.001855s ]
INFO: [ view_filter ] --END-- [ RunTime:0.001932s ]
INFO: [ app_end ] --START--
INFO: Run Behavior\ShowPageTraceBehavior [ RunTime:0.001857s ]
INFO: [ app_end ] --END-- [ RunTime:0.001926s ]

[ 2018-03-18T16:05:53+08:00 ] 127.0.0.1 /index.php/Admin/Classify/add.html
INFO: [ app_init ] --START--
INFO: Run Behavior\BuildLiteBehavior [ RunTime:0.000012s ]
INFO: [ app_init ] --END-- [ RunTime:0.000064s ]
INFO: [ app_begin ] --START--
INFO: Run Behavior\ReadHtmlCacheBehavior [ RunTime:0.001340s ]
INFO: [ app_begin ] --END-- [ RunTime:0.001435s ]
NOTIC: [8] A session had already been started - ignoring session_start() E:\xampp\htdocs\youxin\ThinkPHP\Common\functions.php 第 1263 行.
SQL: SHOW COLUMNS FROM `car_classify_brand` [ RunTime:0.0056s ]
SQL: SELECT * FROM `car_classify_brand` WHERE `parent_id` = 0  [ RunTime:0.0006s ]
INFO: [ view_parse ] --START--
INFO: [ template_filter ] --START--
INFO: Run Behavior\ContentReplaceBehavior [ RunTime:0.000070s ]
INFO: [ template_filter ] --END-- [ RunTime:0.000161s ]
INFO: Run Behavior\ParseTemplateBehavior [ RunTime:0.010060s ]
INFO: [ view_parse ] --END-- [ RunTime:0.010179s ]
INFO: [ view_filter ] --START--
INFO: Run Behavior\WriteHtmlCacheBehavior [ RunTime:0.001513s ]
INFO: [ view_filter ] --END-- [ RunTime:0.001574s ]
INFO: [ app_end ] --START--
INFO: Run Behavior\ShowPageTraceBehavior [ RunTime:0.001320s ]
INFO: [ app_end ] --END-- [ RunTime:0.001380s ]

[ 2018-03-18T16:06:03+08:00 ] 127.0.0.1 /index.php/Admin/Classify/doAdd.html
INFO: [ app_init ] --START--
INFO: Run Behavior\BuildLiteBehavior [ RunTime:0.000013s ]
INFO: [ app_init ] --END-- [ RunTime:0.000114s ]
INFO: [ app_begin ] --START--
INFO: Run Behavior\ReadHtmlCacheBehavior [ RunTime:0.001059s ]
INFO: [ app_begin ] --END-- [ RunTime:0.001113s ]
NOTIC: [8] A session had already been started - ignoring session_start() E:\xampp\htdocs\youxin\ThinkPHP\Common\functions.php 第 1263 行.
NOTIC: [2] call_user_func() expects parameter 1 to be a valid callback, no array or string given E:\xampp\htdocs\youxin\ThinkPHP\Library\Think\Upload.class.php 第 170 行.
SQL: SHOW COLUMNS FROM `car_classify_brand` [ RunTime:0.0058s ]
SQL: INSERT INTO `car_classify_brand` (`name`,`parent_id`,`image`) VALUES ('现代','0','car_classify_brand/2018-03-18/5aae1deb66e84.png') [ RunTime:0.0665s ]
INFO: [ view_parse ] --START--
INFO: [ template_filter ] --START--
INFO: Run Behavior\ContentReplaceBehavior [ RunTime:0.000042s ]
INFO: [ template_filter ] --END-- [ RunTime:0.000086s ]
INFO: Run Behavior\ParseTemplateBehavior [ RunTime:0.009200s ]
INFO: [ view_parse ] --END-- [ RunTime:0.009257s ]
INFO: [ view_filter ] --START--
INFO: Run Behavior\WriteHtmlCacheBehavior [ RunTime:0.000906s ]
INFO: [ view_filter ] --END-- [ RunTime:0.000941s ]
INFO: [ app_end ] --START--
INFO: Run Behavior\ShowPageTraceBehavior [ RunTime:0.001057s ]
INFO: [ app_end ] --END-- [ RunTime:0.001092s ]

[ 2018-03-18T16:06:04+08:00 ] 127.0.0.1 /index.php/Admin/Classify/lists.html
INFO: [ app_init ] --START--
INFO: Run Behavior\BuildLiteBehavior [ RunTime:0.000012s ]
INFO: [ app_init ] --END-- [ RunTime:0.000082s ]
INFO: [ app_begin ] --START--
INFO: Run Behavior\ReadHtmlCacheBehavior [ RunTime:0.001111s ]
INFO: [ app_begin ] --END-- [ RunTime:0.001225s ]
NOTIC: [8] A session had already been started - ignoring session_start() E:\xampp\htdocs\youxin\ThinkPHP\Common\functions.php 第 1263 行.
SQL: SHOW COLUMNS FROM `car_classify_brand` [ RunTime:0.0096s ]
SQL: SELECT * FROM `car_classify_brand` WHERE ( 1 ) ORDER BY id desc LIMIT 0,20   [ RunTime:0.0004s ]
INFO: [ view_parse ] --START--
INFO: [ template_filter ] --START--
INFO: Run Behavior\ContentReplaceBehavior [ RunTime:0.000066s ]
INFO: [ template_filter ] --END-- [ RunTime:0.000143s ]
INFO: Run Behavior\ParseTemplateBehavior [ RunTime:0.011970s ]
INFO: [ view_parse ] --END-- [ RunTime:0.012036s ]
INFO: [ view_filter ] --START--
INFO: Run Behavior\WriteHtmlCacheBehavior [ RunTime:0.001045s ]
INFO: [ view_filter ] --END-- [ RunTime:0.001106s ]
INFO: [ app_end ] --START--
INFO: Run Behavior\ShowPageTraceBehavior [ RunTime:0.001147s ]
INFO: [ app_end ] --END-- [ RunTime:0.001209s ]

[ 2018-03-18T16:15:17+08:00 ] 127.0.0.1 /index.php/Admin/Classify/lists.html
INFO: [ app_init ] --START--
INFO: Run Behavior\BuildLiteBehavior [ RunTime:0.000011s ]
INFO: [ app_init ] --END-- [ RunTime:0.000066s ]
INFO: [ app_begin ] --START--
INFO: Run Behavior\ReadHtmlCacheBehavior [ RunTime:0.001141s ]
INFO: [ app_begin ] --END-- [ RunTime:0.001194s ]
NOTIC: [8] A session had already been started - ignoring session_start() E:\xampp\htdocs\youxin\ThinkPHP\Common\functions.php 第 1263 行.
SQL: SHOW COLUMNS FROM `car_classify_brand` [ RunTime:0.0105s ]
SQL: SELECT * FROM `car_classify_brand` WHERE ( 1 ) ORDER BY id desc LIMIT 0,20   [ RunTime:0.0004s ]
INFO: [ view_parse ] --START--
INFO: [ template_filter ] --START--
INFO: Run Behavior\ContentReplaceBehavior [ RunTime:0.000046s ]
INFO: [ template_filter ] --END-- [ RunTime:0.000101s ]
INFO: Run Behavior\ParseTemplateBehavior [ RunTime:0.010266s ]
INFO: [ view_parse ] --END-- [ RunTime:0.010356s ]
INFO: [ view_filter ] --START--
INFO: Run Behavior\WriteHtmlCacheBehavior [ RunTime:0.001659s ]
INFO: [ view_filter ] --END-- [ RunTime:0.001735s ]
INFO: [ app_end ] --START--
INFO: Run Behavior\ShowPageTraceBehavior [ RunTime:0.001938s ]
INFO: [ app_end ] --END-- [ RunTime:0.002015s ]

[ 2018-03-18T16:15:18+08:00 ] 127.0.0.1 /index.php/Admin/Classify/edit/id/7.html
INFO: [ app_init ] --START--
INFO: Run Behavior\BuildLiteBehavior [ RunTime:0.000012s ]
INFO: [ app_init ] --END-- [ RunTime:0.000065s ]
INFO: [ app_begin ] --START--
INFO: Run Behavior\ReadHtmlCacheBehavior [ RunTime:0.006556s ]
INFO: [ app_begin ] --END-- [ RunTime:0.006783s ]
NOTIC: [8] A session had already been started - ignoring session_start() E:\xampp\htdocs\youxin\ThinkPHP\Common\functions.php 第 1263 行.
SQL: SHOW COLUMNS FROM `car_classify_brand` [ RunTime:0.0072s ]
SQL: SELECT * FROM `car_classify_brand` WHERE `parent_id` = 0  [ RunTime:0.0007s ]
NOTIC: [8] Undefined variable: ClassifyModel E:\xampp\htdocs\youxin\Application\Admin\Controller\ClassifyController.class.php 第 37 行.

[ 2018-03-18T16:43:52+08:00 ] 127.0.0.1 /index.php/Admin/Classify/edit/id/7.html
INFO: [ app_init ] --START--
INFO: Run Behavior\BuildLiteBehavior [ RunTime:0.000022s ]
INFO: [ app_init ] --END-- [ RunTime:0.000183s ]
INFO: [ app_begin ] --START--
INFO: Run Behavior\ReadHtmlCacheBehavior [ RunTime:0.001504s ]
INFO: [ app_begin ] --END-- [ RunTime:0.001646s ]
NOTIC: [8] A session had already been started - ignoring session_start() E:\xampp\htdocs\youxin\ThinkPHP\Common\functions.php 第 1263 行.
SQL: SHOW COLUMNS FROM `car_classify_brand` [ RunTime:0.0075s ]
SQL: SELECT * FROM `car_classify_brand` WHERE `parent_id` = 0  [ RunTime:0.0004s ]
NOTIC: [8] Undefined variable: ClassifyModel E:\xampp\htdocs\youxin\Application\Admin\Controller\ClassifyController.class.php 第 37 行.

[ 2018-03-18T16:43:54+08:00 ] 127.0.0.1 /index.php/Admin/Classify/edit/id/7.html
INFO: [ app_init ] --START--
INFO: Run Behavior\BuildLiteBehavior [ RunTime:0.000020s ]
INFO: [ app_init ] --END-- [ RunTime:0.000111s ]
INFO: [ app_begin ] --START--
INFO: Run Behavior\ReadHtmlCacheBehavior [ RunTime:0.001449s ]
INFO: [ app_begin ] --END-- [ RunTime:0.001564s ]
NOTIC: [8] A session had already been started - ignoring session_start() E:\xampp\htdocs\youxin\ThinkPHP\Common\functions.php 第 1263 行.
SQL: SHOW COLUMNS FROM `car_classify_brand` [ RunTime:0.0088s ]
SQL: SELECT * FROM `car_classify_brand` WHERE `parent_id` = 0  [ RunTime:0.0005s ]
NOTIC: [8] Undefined variable: ClassifyModel E:\xampp\htdocs\youxin\Application\Admin\Controller\ClassifyController.class.php 第 37 行.

[ 2018-03-18T16:43:54+08:00 ] 127.0.0.1 /index.php/Admin/Classify/edit/id/7.html
INFO: [ app_init ] --START--
INFO: Run Behavior\BuildLiteBehavior [ RunTime:0.000013s ]
INFO: [ app_init ] --END-- [ RunTime:0.000073s ]
INFO: [ app_begin ] --START--
INFO: Run Behavior\ReadHtmlCacheBehavior [ RunTime:0.002209s ]
INFO: [ app_begin ] --END-- [ RunTime:0.002296s ]
NOTIC: [8] A session had already been started - ignoring session_start() E:\xampp\htdocs\youxin\ThinkPHP\Common\functions.php 第 1263 行.
SQL: SHOW COLUMNS FROM `car_classify_brand` [ RunTime:0.0044s ]
SQL: SELECT * FROM `car_classify_brand` WHERE `parent_id` = 0  [ RunTime:0.0004s ]
NOTIC: [8] Undefined variable: ClassifyModel E:\xampp\htdocs\youxin\Application\Admin\Controller\ClassifyController.class.php 第 37 行.

[ 2018-03-18T16:43:55+08:00 ] 127.0.0.1 /index.php/Admin/Classify/edit/id/7.html
INFO: [ app_init ] --START--
INFO: Run Behavior\BuildLiteBehavior [ RunTime:0.000018s ]
INFO: [ app_init ] --END-- [ RunTime:0.000105s ]
INFO: [ app_begin ] --START--
INFO: Run Behavior\ReadHtmlCacheBehavior [ RunTime:0.001251s ]
INFO: [ app_begin ] --END-- [ RunTime:0.001339s ]
NOTIC: [8] A session had already been started - ignoring session_start() E:\xampp\htdocs\youxin\ThinkPHP\Common\functions.php 第 1263 行.
SQL: SHOW COLUMNS FROM `car_classify_brand` [ RunTime:0.0432s ]
SQL: SELECT * FROM `car_classify_brand` WHERE `parent_id` = 0  [ RunTime:0.0008s ]
NOTIC: [8] Undefined variable: ClassifyModel E:\xampp\htdocs\youxin\Application\Admin\Controller\ClassifyController.class.php 第 37 行.

[ 2018-03-18T16:44:21+08:00 ] 127.0.0.1 /index.php/Admin/Classify/edit/id/7.html
INFO: [ app_init ] --START--
INFO: Run Behavior\BuildLiteBehavior [ RunTime:0.000012s ]
INFO: [ app_init ] --END-- [ RunTime:0.000060s ]
INFO: [ app_begin ] --START--
INFO: Run Behavior\ReadHtmlCacheBehavior [ RunTime:0.001108s ]
INFO: [ app_begin ] --END-- [ RunTime:0.001162s ]
NOTIC: [8] A session had already been started - ignoring session_start() E:\xampp\htdocs\youxin\ThinkPHP\Common\functions.php 第 1263 行.
SQL: SHOW COLUMNS FROM `car_classify_brand` [ RunTime:0.0072s ]
SQL: SELECT * FROM `car_classify_brand` WHERE `parent_id` = 0  [ RunTime:0.0003s ]
NOTIC: [8] Undefined variable: ClassifyModel E:\xampp\htdocs\youxin\Application\Admin\Controller\ClassifyController.class.php 第 37 行.

[ 2018-03-18T16:50:59+08:00 ] 127.0.0.1 /index.php/Admin/Classify/edit/id/7.html
INFO: [ app_init ] --START--
INFO: Run Behavior\BuildLiteBehavior [ RunTime:0.000011s ]
INFO: [ app_init ] --END-- [ RunTime:0.000064s ]
INFO: [ app_begin ] --START--
INFO: Run Behavior\ReadHtmlCacheBehavior [ RunTime:0.001184s ]
INFO: [ app_begin ] --END-- [ RunTime:0.001246s ]
NOTIC: [8] A session had already been started - ignoring session_start() E:\xampp\htdocs\youxin\ThinkPHP\Common\functions.php 第 1263 行.
SQL: SHOW COLUMNS FROM `car_classify_brand` [ RunTime:0.0064s ]
SQL: SELECT * FROM `car_classify_brand` WHERE `parent_id` = 0  [ RunTime:0.0004s ]
NOTIC: [8] Undefined variable: ClassifyModel E:\xampp\htdocs\youxin\Application\Admin\Controller\ClassifyController.class.php 第 37 行.

[ 2018-03-18T16:50:59+08:00 ] 127.0.0.1 /index.php/Admin/Classify/edit/id/7.html
INFO: [ app_init ] --START--
INFO: Run Behavior\BuildLiteBehavior [ RunTime:0.000011s ]
INFO: [ app_init ] --END-- [ RunTime:0.000061s ]
INFO: [ app_begin ] --START--
INFO: Run Behavior\ReadHtmlCacheBehavior [ RunTime:0.001733s ]
INFO: [ app_begin ] --END-- [ RunTime:0.001846s ]
NOTIC: [8] A session had already been started - ignoring session_start() E:\xampp\htdocs\youxin\ThinkPHP\Common\functions.php 第 1263 行.
SQL: SHOW COLUMNS FROM `car_classify_brand` [ RunTime:0.0080s ]
SQL: SELECT * FROM `car_classify_brand` WHERE `parent_id` = 0  [ RunTime:0.0003s ]
NOTIC: [8] Undefined variable: ClassifyModel E:\xampp\htdocs\youxin\Application\Admin\Controller\ClassifyController.class.php 第 37 行.

